[0.011s] Invoking command in '/home/yutou/ros2_ws/src/ws_livox/build/livox_ros_driver2': CMAKE_PREFIX_PATH=/opt/ros/humble /usr/bin/cmake /home/yutou/ros2_ws/src/ws_livox/src/livox_ros_driver2 -DROS_EDITION=ROS2 -DHUMBLE_ROS=humble -DCMAKE_INSTALL_PREFIX=/home/yutou/ros2_ws/src/ws_livox/install/livox_ros_driver2
[0.083s] -- The C compiler identification is GNU 11.4.0
[0.142s] -- The CXX compiler identification is GNU 11.4.0
[0.152s] -- Detecting C compiler ABI info
[0.231s] -- Detecting C compiler ABI info - done
[0.239s] -- Check for working C compiler: /usr/bin/cc - skipped
[0.240s] -- Detecting C compile features
[0.241s] -- Detecting C compile features - done
[0.245s] -- Detecting CXX compiler ABI info
[0.329s] -- Detecting CXX compiler ABI info - done
[0.336s] -- Check for working CXX compiler: /usr/bin/c++ - skipped
[0.337s] -- Detecting CXX compile features
[0.337s] -- Detecting CXX compile features - done
[0.338s] -- livox_ros_driver2 version: 1.2.4
[0.342s] -- Found ament_cmake_auto: 1.3.12 (/opt/ros/humble/share/ament_cmake_auto/cmake)
[0.487s] -- Found Python3: /usr/bin/python3 (found version "3.10.12") found components: Interpreter 
[0.626s] -- Using all available rosidl_typesupport_c: rosidl_typesupport_fastrtps_c;rosidl_typesupport_introspection_c
[0.634s] -- Found rosidl_adapter: 3.1.7 (/opt/ros/humble/share/rosidl_adapter/cmake)
[0.681s] -- Using all available rosidl_typesupport_cpp: rosidl_typesupport_fastrtps_cpp;rosidl_typesupport_introspection_cpp
[0.786s] -- Found rmw_implementation_cmake: 6.1.2 (/opt/ros/humble/share/rmw_implementation_cmake/cmake)
[0.790s] -- Found rmw_fastrtps_cpp: 6.2.8 (/opt/ros/humble/share/rmw_fastrtps_cpp/cmake)
[0.919s] -- Found OpenSSL: /usr/lib/x86_64-linux-gnu/libcrypto.so (found version "3.0.2")  
[0.953s] -- Found FastRTPS: /opt/ros/humble/include  
[0.988s] -- Using RMW implementation 'rmw_fastrtps_cpp' as default
[1.002s] -- Looking for pthread.h
[1.080s] -- Looking for pthread.h - found
[1.080s] -- Performing Test CMAKE_HAVE_LIBC_PTHREAD
[1.156s] -- Performing Test CMAKE_HAVE_LIBC_PTHREAD - Success
[1.157s] -- Found Threads: TRUE  
[1.341s] -- Checking for module 'eigen3'
[1.351s] --   Found eigen3, version 3.4.0
[1.376s] -- Found Eigen: /usr/include/eigen3 (Required is at least version "3.1") 
[1.376s] -- Eigen found (include: /usr/include/eigen3, version: 3.4.0)
[1.413s] -- Checking for module 'flann'
[1.424s] --   Found flann, version 1.9.1
[1.472s] -- Found FLANN: /usr/lib/x86_64-linux-gnu/libflann_cpp.so  
[1.472s] -- FLANN found (include: /usr/include, lib: /usr/lib/x86_64-linux-gnu/libflann_cpp.so)
[2.583s] -- Checking for module 'libusb-1.0'
[2.602s] --   Found libusb-1.0, version 1.0.25
[2.638s] -- Found libusb: /usr/lib/x86_64-linux-gnu/libusb-1.0.so  
[2.639s] -- OpenNI found (version: 1.5.4.0, include: /usr/include/ni, lib: /usr/lib/libOpenNI.so;libusb::libusb)
[2.698s] -- OpenNI2 found (version: 2.2.0.33, include: /usr/include/openni2, lib: /usr/lib/x86_64-linux-gnu/libOpenNI2.so;libusb::libusb)
[2.806s] -- Eigen found (include: /usr/include/eigen3, version: 3.4.0)
[2.812s] -- OpenNI found (version: 1.5.4.0, include: /usr/include/ni, lib: /usr/lib/libOpenNI.so;libusb::libusb)
[2.818s] -- OpenNI2 found (version: 2.2.0.33, include: /usr/include/openni2, lib: /usr/lib/x86_64-linux-gnu/libOpenNI2.so;libusb::libusb)
[2.927s] -- Found Qhull version 8.0.2
[3.039s] -- OpenNI found (version: 1.5.4.0, include: /usr/include/ni, lib: /usr/lib/libOpenNI.so;libusb::libusb)
[3.149s] -- Found PCL_COMMON: /usr/lib/x86_64-linux-gnu/libpcl_common.so  
[3.150s] -- Found PCL_KDTREE: /usr/lib/x86_64-linux-gnu/libpcl_kdtree.so  
[3.150s] -- Found PCL_OCTREE: /usr/lib/x86_64-linux-gnu/libpcl_octree.so  
[3.151s] -- Found PCL_SEARCH: /usr/lib/x86_64-linux-gnu/libpcl_search.so  
[3.151s] -- Found PCL_SAMPLE_CONSENSUS: /usr/lib/x86_64-linux-gnu/libpcl_sample_consensus.so  
[3.152s] -- Found PCL_FILTERS: /usr/lib/x86_64-linux-gnu/libpcl_filters.so  
[3.152s] -- Found PCL_2D: /usr/include/pcl-1.12  
[3.152s] -- Found PCL_GEOMETRY: /usr/include/pcl-1.12  
[3.153s] -- Found PCL_IO: /usr/lib/x86_64-linux-gnu/libpcl_io.so  
[3.153s] -- Found PCL_FEATURES: /usr/lib/x86_64-linux-gnu/libpcl_features.so  
[3.154s] -- Found PCL_ML: /usr/lib/x86_64-linux-gnu/libpcl_ml.so  
[3.155s] -- Found PCL_SEGMENTATION: /usr/lib/x86_64-linux-gnu/libpcl_segmentation.so  
[3.155s] -- Found PCL_VISUALIZATION: /usr/lib/x86_64-linux-gnu/libpcl_visualization.so  
[3.156s] -- Found PCL_SURFACE: /usr/lib/x86_64-linux-gnu/libpcl_surface.so  
[3.157s] -- Found PCL_REGISTRATION: /usr/lib/x86_64-linux-gnu/libpcl_registration.so  
[3.157s] -- Found PCL_KEYPOINTS: /usr/lib/x86_64-linux-gnu/libpcl_keypoints.so  
[3.158s] -- Found PCL_TRACKING: /usr/lib/x86_64-linux-gnu/libpcl_tracking.so  
[3.158s] -- Found PCL_RECOGNITION: /usr/lib/x86_64-linux-gnu/libpcl_recognition.so  
[3.159s] -- Found PCL_STEREO: /usr/lib/x86_64-linux-gnu/libpcl_stereo.so  
[3.160s] -- Found PCL_APPS: /usr/lib/x86_64-linux-gnu/libpcl_apps.so  
[3.160s] -- Found PCL_IN_HAND_SCANNER: /usr/include/pcl-1.12  
[3.160s] -- Found PCL_MODELER: /usr/include/pcl-1.12  
[3.161s] -- Found PCL_POINT_CLOUD_EDITOR: /usr/include/pcl-1.12  
[3.162s] -- Found PCL_OUTOFCORE: /usr/lib/x86_64-linux-gnu/libpcl_outofcore.so  
[3.162s] -- Found PCL_PEOPLE: /usr/lib/x86_64-linux-gnu/libpcl_people.so  
[3.204s] -- Found PkgConfig: /usr/bin/pkg-config (found version "0.29.2") 
[3.205s] -- Checking for module 'apr-1'
[3.207s] --   No package 'apr-1' found
[3.385s] -- Found ament_cmake_ros: 0.10.0 (/opt/ros/humble/share/ament_cmake_ros/cmake)
[3.569s] -- Using all available rosidl_typesupport_c: rosidl_typesupport_fastrtps_c;rosidl_typesupport_introspection_c
[3.775s] -- Using all available rosidl_typesupport_cpp: rosidl_typesupport_fastrtps_cpp;rosidl_typesupport_introspection_cpp
[3.795s] -- Found PythonInterp: /usr/bin/python3 (found suitable version "3.10.12", minimum required is "3.6") 
[3.798s] -- Found python_cmake_module: 0.10.0 (/opt/ros/humble/share/python_cmake_module/cmake)
[3.826s] -- Found PythonLibs: /usr/lib/x86_64-linux-gnu/libpython3.10.so (found suitable version "3.10.12", minimum required is "3.5") 
[3.826s] -- Using PYTHON_EXECUTABLE: /usr/bin/python3
[3.826s] -- Using PYTHON_INCLUDE_DIRS: /usr/include/python3.10
[3.826s] -- Using PYTHON_LIBRARIES: /usr/lib/x86_64-linux-gnu/libpython3.10.so
[3.854s] -- Found PythonExtra: .so  
[3.902s] -- Found ament_lint_auto: 0.12.14 (/opt/ros/humble/share/ament_lint_auto/cmake)
[3.929s] -- Added test 'copyright' to check source files copyright and LICENSE
[3.942s] -- Added test 'cppcheck' to perform static code analysis on C / C++ code
[3.943s] -- Configured cppcheck include dirs: /home/yutou/ros2_ws/src/ws_livox/src/livox_ros_driver2/3rdparty;/home/yutou/ros2_ws/src/ws_livox/src/livox_ros_driver2/src
[3.943s] -- Configured cppcheck exclude dirs and/or files: 
[3.948s] -- Added test 'cpplint' to check C / C++ code against the Google style
[3.948s] -- Configured cpplint exclude dirs and/or files: 
[3.950s] -- Added test 'flake8' to check Python code syntax and style conventions
[3.953s] -- Added test 'lint_cmake' to check CMake code style
[3.954s] -- Added test 'pep257' to check Python code against some of the docstring style conventions in PEP 257
[3.959s] -- Added test 'uncrustify' to check C / C++ code style
[3.959s] -- Configured uncrustify additional arguments: 
[3.960s] -- Added test 'xmllint' to check XML markup files
[3.963s] -- Configuring done
[4.076s] -- Generating done
[4.093s] -- Build files have been written to: /home/yutou/ros2_ws/src/ws_livox/build/livox_ros_driver2
[4.109s] Invoked command in '/home/yutou/ros2_ws/src/ws_livox/build/livox_ros_driver2' returned '0': CMAKE_PREFIX_PATH=/opt/ros/humble /usr/bin/cmake /home/yutou/ros2_ws/src/ws_livox/src/livox_ros_driver2 -DROS_EDITION=ROS2 -DHUMBLE_ROS=humble -DCMAKE_INSTALL_PREFIX=/home/yutou/ros2_ws/src/ws_livox/install/livox_ros_driver2
[4.110s] Invoking command in '/home/yutou/ros2_ws/src/ws_livox/build/livox_ros_driver2': CMAKE_PREFIX_PATH=/opt/ros/humble /usr/bin/cmake --build /home/yutou/ros2_ws/src/ws_livox/build/livox_ros_driver2 -- -j20 -l20
[4.143s] [  1%] [34m[1mGenerating C code for ROS interfaces[0m
[4.149s] [  3%] [32mBuilding CXX object CMakeFiles/livox_ros_driver2_node.dir/rclcpp_components/node_main_livox_ros_driver2_node.cpp.o[0m
[4.152s] [  5%] [34m[1mGenerating C++ code for ROS interfaces[0m
[4.157s] [  5%] Built target ament_cmake_python_copy_livox_ros_driver2
[4.297s] running egg_info
[4.298s] creating livox_ros_driver2.egg-info
[4.298s] writing livox_ros_driver2.egg-info/PKG-INFO
[4.298s] writing dependency_links to livox_ros_driver2.egg-info/dependency_links.txt
[4.298s] writing top-level names to livox_ros_driver2.egg-info/top_level.txt
[4.299s] writing manifest file 'livox_ros_driver2.egg-info/SOURCES.txt'
[4.301s] reading manifest file 'livox_ros_driver2.egg-info/SOURCES.txt'
[4.301s] writing manifest file 'livox_ros_driver2.egg-info/SOURCES.txt'
[4.322s] [  5%] Built target ament_cmake_python_build_livox_ros_driver2_egg
[4.465s] [  5%] Built target livox_interfaces2__cpp
[4.475s] [  8%] [34m[1mGenerating C++ type support dispatch for ROS interfaces[0m
[4.475s] [  8%] [34m[1mGenerating C++ type support for eProsima Fast-RTPS[0m
[4.475s] [ 10%] [34m[1mGenerating C++ introspection for ROS interfaces[0m
[4.490s] [ 14%] [32mBuilding C object CMakeFiles/livox_interfaces2__rosidl_generator_c.dir/rosidl_generator_c/livox_ros_driver2/msg/detail/custom_point__functions.c.o[0m
[4.491s] [ 14%] [32mBuilding C object CMakeFiles/livox_interfaces2__rosidl_generator_c.dir/rosidl_generator_c/livox_ros_driver2/msg/detail/custom_msg__functions.c.o[0m
[4.537s] [ 15%] [32m[1mLinking C shared library liblivox_ros_driver2__rosidl_generator_c.so[0m
[4.567s] [ 15%] Built target livox_interfaces2__rosidl_generator_c
[4.576s] [ 17%] [34m[1mGenerating C introspection for ROS interfaces[0m
[4.577s] [ 21%] [34m[1mGenerating C type support for eProsima Fast-RTPS[0m
[4.577s] [ 19%] [34m[1mGenerating C type support dispatch for ROS interfaces[0m
[4.725s] [ 22%] [32mBuilding CXX object CMakeFiles/livox_interfaces2__rosidl_typesupport_cpp.dir/rosidl_typesupport_cpp/livox_ros_driver2/msg/custom_msg__type_support.cpp.o[0m
[4.725s] [ 24%] [32mBuilding CXX object CMakeFiles/livox_interfaces2__rosidl_typesupport_cpp.dir/rosidl_typesupport_cpp/livox_ros_driver2/msg/custom_point__type_support.cpp.o[0m
[4.733s] [ 26%] [32mBuilding CXX object CMakeFiles/livox_interfaces2__rosidl_typesupport_introspection_cpp.dir/rosidl_typesupport_introspection_cpp/livox_ros_driver2/msg/detail/custom_msg__type_support.cpp.o[0m
[4.734s] [ 28%] [32mBuilding CXX object CMakeFiles/livox_interfaces2__rosidl_typesupport_introspection_cpp.dir/rosidl_typesupport_introspection_cpp/livox_ros_driver2/msg/detail/custom_point__type_support.cpp.o[0m
[4.744s] [ 31%] [32mBuilding CXX object CMakeFiles/livox_interfaces2__rosidl_typesupport_fastrtps_cpp.dir/rosidl_typesupport_fastrtps_cpp/livox_ros_driver2/msg/detail/dds_fastrtps/custom_msg__type_support.cpp.o[0m
[4.744s] [ 31%] [32mBuilding CXX object CMakeFiles/livox_interfaces2__rosidl_typesupport_fastrtps_cpp.dir/rosidl_typesupport_fastrtps_cpp/livox_ros_driver2/msg/detail/dds_fastrtps/custom_point__type_support.cpp.o[0m
[4.844s] [ 36%] [32mBuilding CXX object CMakeFiles/livox_interfaces2__rosidl_typesupport_c.dir/rosidl_typesupport_c/livox_ros_driver2/msg/custom_point__type_support.cpp.o[0m
[4.844s] [ 36%] [32mBuilding CXX object CMakeFiles/livox_interfaces2__rosidl_typesupport_c.dir/rosidl_typesupport_c/livox_ros_driver2/msg/custom_msg__type_support.cpp.o[0m
[4.845s] [ 36%] [32mBuilding C object CMakeFiles/livox_interfaces2__rosidl_typesupport_introspection_c.dir/rosidl_typesupport_introspection_c/livox_ros_driver2/msg/detail/custom_point__type_support.c.o[0m
[4.845s] [ 38%] [32mBuilding C object CMakeFiles/livox_interfaces2__rosidl_typesupport_introspection_c.dir/rosidl_typesupport_introspection_c/livox_ros_driver2/msg/detail/custom_msg__type_support.c.o[0m
[4.872s] [ 40%] [32m[1mLinking CXX shared library liblivox_ros_driver2__rosidl_typesupport_c.so[0m
[4.882s] [ 42%] [32m[1mLinking C shared library liblivox_ros_driver2__rosidl_typesupport_introspection_c.so[0m
[4.909s] [ 42%] Built target livox_interfaces2__rosidl_typesupport_c
[4.916s] [ 42%] Built target livox_interfaces2__rosidl_typesupport_introspection_c
[4.929s] [ 45%] [32mBuilding CXX object CMakeFiles/livox_interfaces2__rosidl_typesupport_fastrtps_c.dir/rosidl_typesupport_fastrtps_c/livox_ros_driver2/msg/detail/custom_msg__type_support_c.cpp.o[0m
[4.929s] [ 45%] [32mBuilding CXX object CMakeFiles/livox_interfaces2__rosidl_typesupport_fastrtps_c.dir/rosidl_typesupport_fastrtps_c/livox_ros_driver2/msg/detail/custom_point__type_support_c.cpp.o[0m
[4.992s] [ 47%] [32m[1mLinking CXX shared library liblivox_ros_driver2__rosidl_typesupport_cpp.so[0m
[5.028s] [ 47%] Built target livox_interfaces2__rosidl_typesupport_cpp
[5.049s] [ 52%] [32mBuilding CXX object CMakeFiles/livox_ros_driver2.dir/src/comm/ldq.cpp.o[0m
[5.049s] [ 52%] [32mBuilding CXX object CMakeFiles/livox_ros_driver2.dir/src/parse_cfg_file/parse_cfg_file.cpp.o[0m
[5.049s] [ 52%] [32mBuilding CXX object CMakeFiles/livox_ros_driver2.dir/src/lds_lidar.cpp.o[0m
[5.049s] [ 57%] [32mBuilding CXX object CMakeFiles/livox_ros_driver2.dir/src/lds.cpp.o[0m
[5.049s] [ 57%] [32mBuilding CXX object CMakeFiles/livox_ros_driver2.dir/src/lddc.cpp.o[0m
[5.049s] [ 59%] [32mBuilding CXX object CMakeFiles/livox_ros_driver2.dir/src/comm/lidar_imu_data_queue.cpp.o[0m
[5.049s] [ 63%] [32mBuilding CXX object CMakeFiles/livox_ros_driver2.dir/src/driver_node.cpp.o[0m
[5.049s] [ 63%] [32mBuilding CXX object CMakeFiles/livox_ros_driver2.dir/src/livox_ros_driver2.cpp.o[0m
[5.049s] [ 64%] [32mBuilding CXX object CMakeFiles/livox_ros_driver2.dir/src/comm/pub_handler.cpp.o[0m
[5.049s] [ 68%] [32mBuilding CXX object CMakeFiles/livox_ros_driver2.dir/src/comm/cache_index.cpp.o[0m
[5.049s] [ 68%] [32mBuilding CXX object CMakeFiles/livox_ros_driver2.dir/src/comm/semaphore.cpp.o[0m
[5.049s] [ 68%] [32mBuilding CXX object CMakeFiles/livox_ros_driver2.dir/src/comm/comm.cpp.o[0m
[5.051s] [ 70%] [32mBuilding CXX object CMakeFiles/livox_ros_driver2.dir/src/parse_cfg_file/parse_livox_lidar_cfg.cpp.o[0m
[5.053s] [ 71%] [32mBuilding CXX object CMakeFiles/livox_ros_driver2.dir/src/call_back/lidar_common_callback.cpp.o[0m
[5.064s] [ 73%] [32mBuilding CXX object CMakeFiles/livox_ros_driver2.dir/src/call_back/livox_lidar_callback.cpp.o[0m
[5.181s] [ 75%] [32m[1mLinking CXX shared library liblivox_ros_driver2__rosidl_typesupport_introspection_cpp.so[0m
[5.181s] [ 77%] [32m[1mLinking CXX shared library liblivox_ros_driver2__rosidl_typesupport_fastrtps_c.so[0m
[5.208s] [ 78%] [32m[1mLinking CXX shared library liblivox_ros_driver2__rosidl_typesupport_fastrtps_cpp.so[0m
[5.279s] [ 78%] Built target livox_interfaces2__rosidl_typesupport_introspection_cpp
[5.291s] [ 78%] Built target livox_interfaces2__rosidl_typesupport_fastrtps_c
[5.299s] [ 78%] Built target livox_interfaces2__rosidl_typesupport_fastrtps_cpp
[5.319s] [ 78%] Built target livox_interfaces2
[5.340s] [ 80%] [34m[1mGenerating Python code for ROS interfaces[0m
[5.893s] [ 80%] Built target livox_interfaces2__py
[5.910s] [ 82%] [32mBuilding C object CMakeFiles/livox_interfaces2__rosidl_generator_py.dir/rosidl_generator_py/livox_ros_driver2/msg/_custom_point_s.c.o[0m
[5.912s] [ 84%] [32mBuilding C object CMakeFiles/livox_interfaces2__rosidl_generator_py.dir/rosidl_generator_py/livox_ros_driver2/msg/_custom_msg_s.c.o[0m
[6.012s] [ 85%] [32m[1mLinking C shared library rosidl_generator_py/livox_ros_driver2/liblivox_interfaces2__rosidl_generator_py.so[0m
[6.048s] [ 85%] Built target livox_interfaces2__rosidl_generator_py
[6.068s] [ 91%] [32mBuilding C object CMakeFiles/livox_ros_driver2__rosidl_typesupport_fastrtps_c__pyext.dir/rosidl_generator_py/livox_ros_driver2/_livox_ros_driver2_s.ep.rosidl_typesupport_fastrtps_c.c.o[0m
[6.069s] [ 91%] [32mBuilding C object CMakeFiles/livox_ros_driver2__rosidl_typesupport_c__pyext.dir/rosidl_generator_py/livox_ros_driver2/_livox_ros_driver2_s.ep.rosidl_typesupport_c.c.o[0m
[6.069s] [ 91%] [32mBuilding C object CMakeFiles/livox_ros_driver2__rosidl_typesupport_introspection_c__pyext.dir/rosidl_generator_py/livox_ros_driver2/_livox_ros_driver2_s.ep.rosidl_typesupport_introspection_c.c.o[0m
[6.141s] [ 92%] [32m[1mLinking C shared library rosidl_generator_py/livox_ros_driver2/livox_ros_driver2_s__rosidl_typesupport_c.cpython-310-x86_64-linux-gnu.so[0m
[6.143s] [ 94%] [32m[1mLinking C shared library rosidl_generator_py/livox_ros_driver2/livox_ros_driver2_s__rosidl_typesupport_introspection_c.cpython-310-x86_64-linux-gnu.so[0m
[6.156s] [ 96%] [32m[1mLinking C shared library rosidl_generator_py/livox_ros_driver2/livox_ros_driver2_s__rosidl_typesupport_fastrtps_c.cpython-310-x86_64-linux-gnu.so[0m
[6.170s] [ 96%] Built target livox_ros_driver2__rosidl_typesupport_c__pyext
[6.176s] [ 96%] Built target livox_ros_driver2__rosidl_typesupport_introspection_c__pyext
[6.184s] [ 96%] Built target livox_ros_driver2__rosidl_typesupport_fastrtps_c__pyext
[6.674s] [ 98%] [32m[1mLinking CXX executable livox_ros_driver2_node[0m
[6.797s] [ 98%] Built target livox_ros_driver2_node
[10.718s] [100%] [32m[1mLinking CXX shared library liblivox_ros_driver2.so[0m
[11.524s] [100%] Built target livox_ros_driver2
[11.536s] Invoked command in '/home/yutou/ros2_ws/src/ws_livox/build/livox_ros_driver2' returned '0': CMAKE_PREFIX_PATH=/opt/ros/humble /usr/bin/cmake --build /home/yutou/ros2_ws/src/ws_livox/build/livox_ros_driver2 -- -j20 -l20
[11.543s] Invoking command in '/home/yutou/ros2_ws/src/ws_livox/build/livox_ros_driver2': CMAKE_PREFIX_PATH=/opt/ros/humble /usr/bin/cmake --install /home/yutou/ros2_ws/src/ws_livox/build/livox_ros_driver2
[11.548s] -- Install configuration: ""
[11.548s] -- Installing: /home/yutou/ros2_ws/src/ws_livox/install/livox_ros_driver2/share/ament_index/resource_index/rosidl_interfaces/livox_ros_driver2
[11.548s] -- Installing: /home/yutou/ros2_ws/src/ws_livox/install/livox_ros_driver2/include/livox_ros_driver2/livox_ros_driver2
[11.548s] -- Installing: /home/yutou/ros2_ws/src/ws_livox/install/livox_ros_driver2/include/livox_ros_driver2/livox_ros_driver2/msg
[11.548s] -- Installing: /home/yutou/ros2_ws/src/ws_livox/install/livox_ros_driver2/include/livox_ros_driver2/livox_ros_driver2/msg/detail
[11.548s] -- Installing: /home/yutou/ros2_ws/src/ws_livox/install/livox_ros_driver2/include/livox_ros_driver2/livox_ros_driver2/msg/detail/custom_msg__functions.h
[11.549s] -- Installing: /home/yutou/ros2_ws/src/ws_livox/install/livox_ros_driver2/include/livox_ros_driver2/livox_ros_driver2/msg/detail/custom_point__functions.c
[11.549s] -- Installing: /home/yutou/ros2_ws/src/ws_livox/install/livox_ros_driver2/include/livox_ros_driver2/livox_ros_driver2/msg/detail/custom_msg__struct.h
[11.549s] -- Installing: /home/yutou/ros2_ws/src/ws_livox/install/livox_ros_driver2/include/livox_ros_driver2/livox_ros_driver2/msg/detail/custom_msg__functions.c
[11.549s] -- Installing: /home/yutou/ros2_ws/src/ws_livox/install/livox_ros_driver2/include/livox_ros_driver2/livox_ros_driver2/msg/detail/custom_point__struct.h
[11.549s] -- Installing: /home/yutou/ros2_ws/src/ws_livox/install/livox_ros_driver2/include/livox_ros_driver2/livox_ros_driver2/msg/detail/custom_point__functions.h
[11.549s] -- Installing: /home/yutou/ros2_ws/src/ws_livox/install/livox_ros_driver2/include/livox_ros_driver2/livox_ros_driver2/msg/detail/custom_point__type_support.h
[11.549s] -- Installing: /home/yutou/ros2_ws/src/ws_livox/install/livox_ros_driver2/include/livox_ros_driver2/livox_ros_driver2/msg/detail/custom_msg__type_support.h
[11.549s] -- Installing: /home/yutou/ros2_ws/src/ws_livox/install/livox_ros_driver2/include/livox_ros_driver2/livox_ros_driver2/msg/rosidl_generator_c__visibility_control.h
[11.549s] -- Installing: /home/yutou/ros2_ws/src/ws_livox/install/livox_ros_driver2/include/livox_ros_driver2/livox_ros_driver2/msg/custom_point.h
[11.549s] -- Installing: /home/yutou/ros2_ws/src/ws_livox/install/livox_ros_driver2/include/livox_ros_driver2/livox_ros_driver2/msg/custom_msg.h
[11.549s] -- Installing: /home/yutou/ros2_ws/src/ws_livox/install/livox_ros_driver2/share/livox_ros_driver2/environment/library_path.sh
[11.549s] -- Installing: /home/yutou/ros2_ws/src/ws_livox/install/livox_ros_driver2/share/livox_ros_driver2/environment/library_path.dsv
[11.549s] -- Installing: /home/yutou/ros2_ws/src/ws_livox/install/livox_ros_driver2/lib/liblivox_ros_driver2__rosidl_generator_c.so
[11.549s] -- Set runtime path of "/home/yutou/ros2_ws/src/ws_livox/install/livox_ros_driver2/lib/liblivox_ros_driver2__rosidl_generator_c.so" to ""
[11.549s] -- Up-to-date: /home/yutou/ros2_ws/src/ws_livox/install/livox_ros_driver2/include/livox_ros_driver2/livox_ros_driver2
[11.549s] -- Up-to-date: /home/yutou/ros2_ws/src/ws_livox/install/livox_ros_driver2/include/livox_ros_driver2/livox_ros_driver2/msg
[11.549s] -- Up-to-date: /home/yutou/ros2_ws/src/ws_livox/install/livox_ros_driver2/include/livox_ros_driver2/livox_ros_driver2/msg/detail
[11.549s] -- Installing: /home/yutou/ros2_ws/src/ws_livox/install/livox_ros_driver2/include/livox_ros_driver2/livox_ros_driver2/msg/detail/custom_msg__rosidl_typesupport_fastrtps_c.h
[11.549s] -- Installing: /home/yutou/ros2_ws/src/ws_livox/install/livox_ros_driver2/include/livox_ros_driver2/livox_ros_driver2/msg/detail/custom_point__rosidl_typesupport_fastrtps_c.h
[11.550s] -- Installing: /home/yutou/ros2_ws/src/ws_livox/install/livox_ros_driver2/include/livox_ros_driver2/livox_ros_driver2/msg/rosidl_typesupport_fastrtps_c__visibility_control.h
[11.550s] -- Installing: /home/yutou/ros2_ws/src/ws_livox/install/livox_ros_driver2/lib/liblivox_ros_driver2__rosidl_typesupport_fastrtps_c.so
[11.550s] -- Set runtime path of "/home/yutou/ros2_ws/src/ws_livox/install/livox_ros_driver2/lib/liblivox_ros_driver2__rosidl_typesupport_fastrtps_c.so" to ""
[11.550s] -- Up-to-date: /home/yutou/ros2_ws/src/ws_livox/install/livox_ros_driver2/include/livox_ros_driver2/livox_ros_driver2
[11.550s] -- Up-to-date: /home/yutou/ros2_ws/src/ws_livox/install/livox_ros_driver2/include/livox_ros_driver2/livox_ros_driver2/msg
[11.550s] -- Up-to-date: /home/yutou/ros2_ws/src/ws_livox/install/livox_ros_driver2/include/livox_ros_driver2/livox_ros_driver2/msg/detail
[11.550s] -- Installing: /home/yutou/ros2_ws/src/ws_livox/install/livox_ros_driver2/include/livox_ros_driver2/livox_ros_driver2/msg/detail/custom_msg__type_support.c
[11.550s] -- Installing: /home/yutou/ros2_ws/src/ws_livox/install/livox_ros_driver2/include/livox_ros_driver2/livox_ros_driver2/msg/detail/custom_point__rosidl_typesupport_introspection_c.h
[11.550s] -- Installing: /home/yutou/ros2_ws/src/ws_livox/install/livox_ros_driver2/include/livox_ros_driver2/livox_ros_driver2/msg/detail/custom_point__type_support.c
[11.550s] -- Installing: /home/yutou/ros2_ws/src/ws_livox/install/livox_ros_driver2/include/livox_ros_driver2/livox_ros_driver2/msg/detail/custom_msg__rosidl_typesupport_introspection_c.h
[11.550s] -- Installing: /home/yutou/ros2_ws/src/ws_livox/install/livox_ros_driver2/include/livox_ros_driver2/livox_ros_driver2/msg/rosidl_typesupport_introspection_c__visibility_control.h
[11.550s] -- Installing: /home/yutou/ros2_ws/src/ws_livox/install/livox_ros_driver2/lib/liblivox_ros_driver2__rosidl_typesupport_introspection_c.so
[11.550s] -- Set runtime path of "/home/yutou/ros2_ws/src/ws_livox/install/livox_ros_driver2/lib/liblivox_ros_driver2__rosidl_typesupport_introspection_c.so" to ""
[11.550s] -- Installing: /home/yutou/ros2_ws/src/ws_livox/install/livox_ros_driver2/lib/liblivox_ros_driver2__rosidl_typesupport_c.so
[11.550s] -- Set runtime path of "/home/yutou/ros2_ws/src/ws_livox/install/livox_ros_driver2/lib/liblivox_ros_driver2__rosidl_typesupport_c.so" to ""
[11.550s] -- Up-to-date: /home/yutou/ros2_ws/src/ws_livox/install/livox_ros_driver2/include/livox_ros_driver2/livox_ros_driver2
[11.550s] -- Up-to-date: /home/yutou/ros2_ws/src/ws_livox/install/livox_ros_driver2/include/livox_ros_driver2/livox_ros_driver2/msg
[11.550s] -- Up-to-date: /home/yutou/ros2_ws/src/ws_livox/install/livox_ros_driver2/include/livox_ros_driver2/livox_ros_driver2/msg/detail
[11.550s] -- Installing: /home/yutou/ros2_ws/src/ws_livox/install/livox_ros_driver2/include/livox_ros_driver2/livox_ros_driver2/msg/detail/custom_msg__type_support.hpp
[11.550s] -- Installing: /home/yutou/ros2_ws/src/ws_livox/install/livox_ros_driver2/include/livox_ros_driver2/livox_ros_driver2/msg/detail/custom_msg__struct.hpp
[11.550s] -- Installing: /home/yutou/ros2_ws/src/ws_livox/install/livox_ros_driver2/include/livox_ros_driver2/livox_ros_driver2/msg/detail/custom_point__struct.hpp
[11.551s] -- Installing: /home/yutou/ros2_ws/src/ws_livox/install/livox_ros_driver2/include/livox_ros_driver2/livox_ros_driver2/msg/detail/custom_point__builder.hpp
[11.551s] -- Installing: /home/yutou/ros2_ws/src/ws_livox/install/livox_ros_driver2/include/livox_ros_driver2/livox_ros_driver2/msg/detail/custom_point__traits.hpp
[11.551s] -- Installing: /home/yutou/ros2_ws/src/ws_livox/install/livox_ros_driver2/include/livox_ros_driver2/livox_ros_driver2/msg/detail/custom_point__type_support.hpp
[11.551s] -- Installing: /home/yutou/ros2_ws/src/ws_livox/install/livox_ros_driver2/include/livox_ros_driver2/livox_ros_driver2/msg/detail/custom_msg__traits.hpp
[11.551s] -- Installing: /home/yutou/ros2_ws/src/ws_livox/install/livox_ros_driver2/include/livox_ros_driver2/livox_ros_driver2/msg/detail/custom_msg__builder.hpp
[11.551s] -- Installing: /home/yutou/ros2_ws/src/ws_livox/install/livox_ros_driver2/include/livox_ros_driver2/livox_ros_driver2/msg/custom_msg.hpp
[11.551s] -- Installing: /home/yutou/ros2_ws/src/ws_livox/install/livox_ros_driver2/include/livox_ros_driver2/livox_ros_driver2/msg/rosidl_generator_cpp__visibility_control.hpp
[11.551s] -- Installing: /home/yutou/ros2_ws/src/ws_livox/install/livox_ros_driver2/include/livox_ros_driver2/livox_ros_driver2/msg/custom_point.hpp
[11.551s] -- Up-to-date: /home/yutou/ros2_ws/src/ws_livox/install/livox_ros_driver2/include/livox_ros_driver2/livox_ros_driver2
[11.551s] -- Up-to-date: /home/yutou/ros2_ws/src/ws_livox/install/livox_ros_driver2/include/livox_ros_driver2/livox_ros_driver2/msg
[11.551s] -- Up-to-date: /home/yutou/ros2_ws/src/ws_livox/install/livox_ros_driver2/include/livox_ros_driver2/livox_ros_driver2/msg/detail
[11.551s] -- Installing: /home/yutou/ros2_ws/src/ws_livox/install/livox_ros_driver2/include/livox_ros_driver2/livox_ros_driver2/msg/detail/dds_fastrtps
[11.551s] -- Installing: /home/yutou/ros2_ws/src/ws_livox/install/livox_ros_driver2/include/livox_ros_driver2/livox_ros_driver2/msg/detail/custom_msg__rosidl_typesupport_fastrtps_cpp.hpp
[11.551s] -- Installing: /home/yutou/ros2_ws/src/ws_livox/install/livox_ros_driver2/include/livox_ros_driver2/livox_ros_driver2/msg/detail/custom_point__rosidl_typesupport_fastrtps_cpp.hpp
[11.551s] -- Installing: /home/yutou/ros2_ws/src/ws_livox/install/livox_ros_driver2/include/livox_ros_driver2/livox_ros_driver2/msg/rosidl_typesupport_fastrtps_cpp__visibility_control.h
[11.551s] -- Installing: /home/yutou/ros2_ws/src/ws_livox/install/livox_ros_driver2/lib/liblivox_ros_driver2__rosidl_typesupport_fastrtps_cpp.so
[11.551s] -- Set runtime path of "/home/yutou/ros2_ws/src/ws_livox/install/livox_ros_driver2/lib/liblivox_ros_driver2__rosidl_typesupport_fastrtps_cpp.so" to ""
[11.551s] -- Up-to-date: /home/yutou/ros2_ws/src/ws_livox/install/livox_ros_driver2/include/livox_ros_driver2/livox_ros_driver2
[11.551s] -- Up-to-date: /home/yutou/ros2_ws/src/ws_livox/install/livox_ros_driver2/include/livox_ros_driver2/livox_ros_driver2/msg
[11.551s] -- Up-to-date: /home/yutou/ros2_ws/src/ws_livox/install/livox_ros_driver2/include/livox_ros_driver2/livox_ros_driver2/msg/detail
[11.551s] -- Installing: /home/yutou/ros2_ws/src/ws_livox/install/livox_ros_driver2/include/livox_ros_driver2/livox_ros_driver2/msg/detail/custom_point__rosidl_typesupport_introspection_cpp.hpp
[11.551s] -- Installing: /home/yutou/ros2_ws/src/ws_livox/install/livox_ros_driver2/include/livox_ros_driver2/livox_ros_driver2/msg/detail/custom_msg__rosidl_typesupport_introspection_cpp.hpp
[11.551s] -- Installing: /home/yutou/ros2_ws/src/ws_livox/install/livox_ros_driver2/include/livox_ros_driver2/livox_ros_driver2/msg/detail/custom_point__type_support.cpp
[11.552s] -- Installing: /home/yutou/ros2_ws/src/ws_livox/install/livox_ros_driver2/include/livox_ros_driver2/livox_ros_driver2/msg/detail/custom_msg__type_support.cpp
[11.552s] -- Installing: /home/yutou/ros2_ws/src/ws_livox/install/livox_ros_driver2/lib/liblivox_ros_driver2__rosidl_typesupport_introspection_cpp.so
[11.552s] -- Set runtime path of "/home/yutou/ros2_ws/src/ws_livox/install/livox_ros_driver2/lib/liblivox_ros_driver2__rosidl_typesupport_introspection_cpp.so" to ""
[11.552s] -- Installing: /home/yutou/ros2_ws/src/ws_livox/install/livox_ros_driver2/lib/liblivox_ros_driver2__rosidl_typesupport_cpp.so
[11.552s] -- Set runtime path of "/home/yutou/ros2_ws/src/ws_livox/install/livox_ros_driver2/lib/liblivox_ros_driver2__rosidl_typesupport_cpp.so" to ""
[11.552s] -- Installing: /home/yutou/ros2_ws/src/ws_livox/install/livox_ros_driver2/share/livox_ros_driver2/environment/pythonpath.sh
[11.552s] -- Installing: /home/yutou/ros2_ws/src/ws_livox/install/livox_ros_driver2/share/livox_ros_driver2/environment/pythonpath.dsv
[11.552s] -- Installing: /home/yutou/ros2_ws/src/ws_livox/install/livox_ros_driver2/local/lib/python3.10/dist-packages/livox_ros_driver2-1.0.0-py3.10.egg-info
[11.552s] -- Installing: /home/yutou/ros2_ws/src/ws_livox/install/livox_ros_driver2/local/lib/python3.10/dist-packages/livox_ros_driver2-1.0.0-py3.10.egg-info/dependency_links.txt
[11.552s] -- Installing: /home/yutou/ros2_ws/src/ws_livox/install/livox_ros_driver2/local/lib/python3.10/dist-packages/livox_ros_driver2-1.0.0-py3.10.egg-info/SOURCES.txt
[11.552s] -- Installing: /home/yutou/ros2_ws/src/ws_livox/install/livox_ros_driver2/local/lib/python3.10/dist-packages/livox_ros_driver2-1.0.0-py3.10.egg-info/top_level.txt
[11.552s] -- Installing: /home/yutou/ros2_ws/src/ws_livox/install/livox_ros_driver2/local/lib/python3.10/dist-packages/livox_ros_driver2-1.0.0-py3.10.egg-info/PKG-INFO
[11.552s] -- Installing: /home/yutou/ros2_ws/src/ws_livox/install/livox_ros_driver2/local/lib/python3.10/dist-packages/livox_ros_driver2
[11.552s] -- Installing: /home/yutou/ros2_ws/src/ws_livox/install/livox_ros_driver2/local/lib/python3.10/dist-packages/livox_ros_driver2/msg
[11.552s] -- Installing: /home/yutou/ros2_ws/src/ws_livox/install/livox_ros_driver2/local/lib/python3.10/dist-packages/livox_ros_driver2/msg/_custom_msg_s.c
[11.552s] -- Installing: /home/yutou/ros2_ws/src/ws_livox/install/livox_ros_driver2/local/lib/python3.10/dist-packages/livox_ros_driver2/msg/_custom_msg.py
[11.552s] -- Installing: /home/yutou/ros2_ws/src/ws_livox/install/livox_ros_driver2/local/lib/python3.10/dist-packages/livox_ros_driver2/msg/_custom_point_s.c
[11.552s] -- Installing: /home/yutou/ros2_ws/src/ws_livox/install/livox_ros_driver2/local/lib/python3.10/dist-packages/livox_ros_driver2/msg/_custom_point.py
[11.553s] -- Installing: /home/yutou/ros2_ws/src/ws_livox/install/livox_ros_driver2/local/lib/python3.10/dist-packages/livox_ros_driver2/msg/__init__.py
[11.553s] -- Installing: /home/yutou/ros2_ws/src/ws_livox/install/livox_ros_driver2/local/lib/python3.10/dist-packages/livox_ros_driver2/_livox_ros_driver2_s.ep.rosidl_typesupport_fastrtps_c.c
[11.553s] -- Installing: /home/yutou/ros2_ws/src/ws_livox/install/livox_ros_driver2/local/lib/python3.10/dist-packages/livox_ros_driver2/livox_ros_driver2_s__rosidl_typesupport_introspection_c.cpython-310-x86_64-linux-gnu.so
[11.553s] -- Installing: /home/yutou/ros2_ws/src/ws_livox/install/livox_ros_driver2/local/lib/python3.10/dist-packages/livox_ros_driver2/livox_ros_driver2_s__rosidl_typesupport_fastrtps_c.cpython-310-x86_64-linux-gnu.so
[11.553s] -- Installing: /home/yutou/ros2_ws/src/ws_livox/install/livox_ros_driver2/local/lib/python3.10/dist-packages/livox_ros_driver2/_livox_ros_driver2_s.ep.rosidl_typesupport_c.c
[11.553s] -- Installing: /home/yutou/ros2_ws/src/ws_livox/install/livox_ros_driver2/local/lib/python3.10/dist-packages/livox_ros_driver2/livox_ros_driver2_s__rosidl_typesupport_c.cpython-310-x86_64-linux-gnu.so
[11.553s] -- Installing: /home/yutou/ros2_ws/src/ws_livox/install/livox_ros_driver2/local/lib/python3.10/dist-packages/livox_ros_driver2/__init__.py
[11.553s] -- Installing: /home/yutou/ros2_ws/src/ws_livox/install/livox_ros_driver2/local/lib/python3.10/dist-packages/livox_ros_driver2/liblivox_interfaces2__rosidl_generator_py.so
[11.553s] -- Installing: /home/yutou/ros2_ws/src/ws_livox/install/livox_ros_driver2/local/lib/python3.10/dist-packages/livox_ros_driver2/_livox_ros_driver2_s.ep.rosidl_typesupport_introspection_c.c
[11.577s] Listing '/home/yutou/ros2_ws/src/ws_livox/install/livox_ros_driver2/local/lib/python3.10/dist-packages/livox_ros_driver2'...
[11.577s] Compiling '/home/yutou/ros2_ws/src/ws_livox/install/livox_ros_driver2/local/lib/python3.10/dist-packages/livox_ros_driver2/__init__.py'...
[11.577s] Listing '/home/yutou/ros2_ws/src/ws_livox/install/livox_ros_driver2/local/lib/python3.10/dist-packages/livox_ros_driver2/msg'...
[11.577s] Compiling '/home/yutou/ros2_ws/src/ws_livox/install/livox_ros_driver2/local/lib/python3.10/dist-packages/livox_ros_driver2/msg/__init__.py'...
[11.577s] Compiling '/home/yutou/ros2_ws/src/ws_livox/install/livox_ros_driver2/local/lib/python3.10/dist-packages/livox_ros_driver2/msg/_custom_msg.py'...
[11.577s] Compiling '/home/yutou/ros2_ws/src/ws_livox/install/livox_ros_driver2/local/lib/python3.10/dist-packages/livox_ros_driver2/msg/_custom_point.py'...
[11.580s] -- Installing: /home/yutou/ros2_ws/src/ws_livox/install/livox_ros_driver2/local/lib/python3.10/dist-packages/livox_ros_driver2/livox_ros_driver2_s__rosidl_typesupport_fastrtps_c.cpython-310-x86_64-linux-gnu.so
[11.580s] -- Set runtime path of "/home/yutou/ros2_ws/src/ws_livox/install/livox_ros_driver2/local/lib/python3.10/dist-packages/livox_ros_driver2/livox_ros_driver2_s__rosidl_typesupport_fastrtps_c.cpython-310-x86_64-linux-gnu.so" to ""
[11.580s] -- Installing: /home/yutou/ros2_ws/src/ws_livox/install/livox_ros_driver2/local/lib/python3.10/dist-packages/livox_ros_driver2/livox_ros_driver2_s__rosidl_typesupport_introspection_c.cpython-310-x86_64-linux-gnu.so
[11.580s] -- Set runtime path of "/home/yutou/ros2_ws/src/ws_livox/install/livox_ros_driver2/local/lib/python3.10/dist-packages/livox_ros_driver2/livox_ros_driver2_s__rosidl_typesupport_introspection_c.cpython-310-x86_64-linux-gnu.so" to ""
[11.580s] -- Installing: /home/yutou/ros2_ws/src/ws_livox/install/livox_ros_driver2/local/lib/python3.10/dist-packages/livox_ros_driver2/livox_ros_driver2_s__rosidl_typesupport_c.cpython-310-x86_64-linux-gnu.so
[11.580s] -- Set runtime path of "/home/yutou/ros2_ws/src/ws_livox/install/livox_ros_driver2/local/lib/python3.10/dist-packages/livox_ros_driver2/livox_ros_driver2_s__rosidl_typesupport_c.cpython-310-x86_64-linux-gnu.so" to ""
[11.580s] -- Installing: /home/yutou/ros2_ws/src/ws_livox/install/livox_ros_driver2/lib/liblivox_interfaces2__rosidl_generator_py.so
[11.581s] -- Set runtime path of "/home/yutou/ros2_ws/src/ws_livox/install/livox_ros_driver2/lib/liblivox_interfaces2__rosidl_generator_py.so" to ""
[11.581s] -- Installing: /home/yutou/ros2_ws/src/ws_livox/install/livox_ros_driver2/share/livox_ros_driver2/msg/CustomPoint.idl
[11.581s] -- Installing: /home/yutou/ros2_ws/src/ws_livox/install/livox_ros_driver2/share/livox_ros_driver2/msg/CustomMsg.idl
[11.581s] -- Installing: /home/yutou/ros2_ws/src/ws_livox/install/livox_ros_driver2/share/livox_ros_driver2/msg/CustomPoint.msg
[11.581s] -- Installing: /home/yutou/ros2_ws/src/ws_livox/install/livox_ros_driver2/share/livox_ros_driver2/msg/CustomMsg.msg
[11.581s] -- Installing: /home/yutou/ros2_ws/src/ws_livox/install/livox_ros_driver2/lib/livox_ros_driver2/livox_ros_driver2_node
[11.581s] -- Set runtime path of "/home/yutou/ros2_ws/src/ws_livox/install/livox_ros_driver2/lib/livox_ros_driver2/livox_ros_driver2_node" to ""
[11.581s] -- Installing: /home/yutou/ros2_ws/src/ws_livox/install/livox_ros_driver2/lib/liblivox_ros_driver2.so
[11.583s] -- Set runtime path of "/home/yutou/ros2_ws/src/ws_livox/install/livox_ros_driver2/lib/liblivox_ros_driver2.so" to ""
[11.583s] -- Installing: /home/yutou/ros2_ws/src/ws_livox/install/livox_ros_driver2/share/livox_ros_driver2/config
[11.583s] -- Installing: /home/yutou/ros2_ws/src/ws_livox/install/livox_ros_driver2/share/livox_ros_driver2/config/display_point_cloud_ROS2.rviz
[11.583s] -- Installing: /home/yutou/ros2_ws/src/ws_livox/install/livox_ros_driver2/share/livox_ros_driver2/config/mixed_HAP_MID360_config.json
[11.583s] -- Installing: /home/yutou/ros2_ws/src/ws_livox/install/livox_ros_driver2/share/livox_ros_driver2/config/HAP_config.json
[11.583s] -- Installing: /home/yutou/ros2_ws/src/ws_livox/install/livox_ros_driver2/share/livox_ros_driver2/config/MID360_config.json
[11.584s] -- Installing: /home/yutou/ros2_ws/src/ws_livox/install/livox_ros_driver2/share/livox_ros_driver2/config/display_point_cloud_ROS1.rviz
[11.584s] -- Installing: /home/yutou/ros2_ws/src/ws_livox/install/livox_ros_driver2/share/livox_ros_driver2/launch_ROS2
[11.584s] -- Installing: /home/yutou/ros2_ws/src/ws_livox/install/livox_ros_driver2/share/livox_ros_driver2/launch_ROS2/rviz_mixed.py
[11.584s] -- Installing: /home/yutou/ros2_ws/src/ws_livox/install/livox_ros_driver2/share/livox_ros_driver2/launch_ROS2/msg_MID360_launch.py
[11.584s] -- Installing: /home/yutou/ros2_ws/src/ws_livox/install/livox_ros_driver2/share/livox_ros_driver2/launch_ROS2/rviz_MID360_launch.py
[11.584s] -- Installing: /home/yutou/ros2_ws/src/ws_livox/install/livox_ros_driver2/share/livox_ros_driver2/launch_ROS2/rviz_HAP_launch.py
[11.584s] -- Installing: /home/yutou/ros2_ws/src/ws_livox/install/livox_ros_driver2/share/livox_ros_driver2/launch_ROS2/msg_HAP_launch.py
[11.584s] -- Installing: /home/yutou/ros2_ws/src/ws_livox/install/livox_ros_driver2/share/ament_index/resource_index/package_run_dependencies/livox_ros_driver2
[11.584s] -- Installing: /home/yutou/ros2_ws/src/ws_livox/install/livox_ros_driver2/share/ament_index/resource_index/parent_prefix_path/livox_ros_driver2
[11.584s] -- Installing: /home/yutou/ros2_ws/src/ws_livox/install/livox_ros_driver2/share/livox_ros_driver2/environment/ament_prefix_path.sh
[11.584s] -- Installing: /home/yutou/ros2_ws/src/ws_livox/install/livox_ros_driver2/share/livox_ros_driver2/environment/ament_prefix_path.dsv
[11.584s] -- Installing: /home/yutou/ros2_ws/src/ws_livox/install/livox_ros_driver2/share/livox_ros_driver2/environment/path.sh
[11.584s] -- Installing: /home/yutou/ros2_ws/src/ws_livox/install/livox_ros_driver2/share/livox_ros_driver2/environment/path.dsv
[11.584s] -- Installing: /home/yutou/ros2_ws/src/ws_livox/install/livox_ros_driver2/share/livox_ros_driver2/local_setup.bash
[11.584s] -- Installing: /home/yutou/ros2_ws/src/ws_livox/install/livox_ros_driver2/share/livox_ros_driver2/local_setup.sh
[11.584s] -- Installing: /home/yutou/ros2_ws/src/ws_livox/install/livox_ros_driver2/share/livox_ros_driver2/local_setup.zsh
[11.585s] -- Installing: /home/yutou/ros2_ws/src/ws_livox/install/livox_ros_driver2/share/livox_ros_driver2/local_setup.dsv
[11.585s] -- Installing: /home/yutou/ros2_ws/src/ws_livox/install/livox_ros_driver2/share/livox_ros_driver2/package.dsv
[11.585s] -- Installing: /home/yutou/ros2_ws/src/ws_livox/install/livox_ros_driver2/share/ament_index/resource_index/packages/livox_ros_driver2
[11.585s] -- Installing: /home/yutou/ros2_ws/src/ws_livox/install/livox_ros_driver2/share/livox_ros_driver2/cmake/export_livox_interfaces2__rosidl_generator_cExport.cmake
[11.585s] -- Installing: /home/yutou/ros2_ws/src/ws_livox/install/livox_ros_driver2/share/livox_ros_driver2/cmake/export_livox_interfaces2__rosidl_generator_cExport-noconfig.cmake
[11.585s] -- Installing: /home/yutou/ros2_ws/src/ws_livox/install/livox_ros_driver2/share/livox_ros_driver2/cmake/export_livox_interfaces2__rosidl_typesupport_fastrtps_cExport.cmake
[11.585s] -- Installing: /home/yutou/ros2_ws/src/ws_livox/install/livox_ros_driver2/share/livox_ros_driver2/cmake/export_livox_interfaces2__rosidl_typesupport_fastrtps_cExport-noconfig.cmake
[11.585s] -- Installing: /home/yutou/ros2_ws/src/ws_livox/install/livox_ros_driver2/share/livox_ros_driver2/cmake/livox_interfaces2__rosidl_typesupport_introspection_cExport.cmake
[11.585s] -- Installing: /home/yutou/ros2_ws/src/ws_livox/install/livox_ros_driver2/share/livox_ros_driver2/cmake/livox_interfaces2__rosidl_typesupport_introspection_cExport-noconfig.cmake
[11.585s] -- Installing: /home/yutou/ros2_ws/src/ws_livox/install/livox_ros_driver2/share/livox_ros_driver2/cmake/livox_interfaces2__rosidl_typesupport_cExport.cmake
[11.585s] -- Installing: /home/yutou/ros2_ws/src/ws_livox/install/livox_ros_driver2/share/livox_ros_driver2/cmake/livox_interfaces2__rosidl_typesupport_cExport-noconfig.cmake
[11.585s] -- Installing: /home/yutou/ros2_ws/src/ws_livox/install/livox_ros_driver2/share/livox_ros_driver2/cmake/export_livox_interfaces2__rosidl_generator_cppExport.cmake
[11.585s] -- Installing: /home/yutou/ros2_ws/src/ws_livox/install/livox_ros_driver2/share/livox_ros_driver2/cmake/export_livox_interfaces2__rosidl_typesupport_fastrtps_cppExport.cmake
[11.585s] -- Installing: /home/yutou/ros2_ws/src/ws_livox/install/livox_ros_driver2/share/livox_ros_driver2/cmake/export_livox_interfaces2__rosidl_typesupport_fastrtps_cppExport-noconfig.cmake
[11.585s] -- Installing: /home/yutou/ros2_ws/src/ws_livox/install/livox_ros_driver2/share/livox_ros_driver2/cmake/livox_interfaces2__rosidl_typesupport_introspection_cppExport.cmake
[11.585s] -- Installing: /home/yutou/ros2_ws/src/ws_livox/install/livox_ros_driver2/share/livox_ros_driver2/cmake/livox_interfaces2__rosidl_typesupport_introspection_cppExport-noconfig.cmake
[11.585s] -- Installing: /home/yutou/ros2_ws/src/ws_livox/install/livox_ros_driver2/share/livox_ros_driver2/cmake/livox_interfaces2__rosidl_typesupport_cppExport.cmake
[11.586s] -- Installing: /home/yutou/ros2_ws/src/ws_livox/install/livox_ros_driver2/share/livox_ros_driver2/cmake/livox_interfaces2__rosidl_typesupport_cppExport-noconfig.cmake
[11.586s] -- Installing: /home/yutou/ros2_ws/src/ws_livox/install/livox_ros_driver2/share/livox_ros_driver2/cmake/export_livox_interfaces2__rosidl_generator_pyExport.cmake
[11.586s] -- Installing: /home/yutou/ros2_ws/src/ws_livox/install/livox_ros_driver2/share/livox_ros_driver2/cmake/export_livox_interfaces2__rosidl_generator_pyExport-noconfig.cmake
[11.586s] -- Installing: /home/yutou/ros2_ws/src/ws_livox/install/livox_ros_driver2/share/ament_index/resource_index/rclcpp_components/livox_ros_driver2
[11.586s] -- Installing: /home/yutou/ros2_ws/src/ws_livox/install/livox_ros_driver2/share/livox_ros_driver2/cmake/rosidl_cmake-extras.cmake
[11.586s] -- Installing: /home/yutou/ros2_ws/src/ws_livox/install/livox_ros_driver2/share/livox_ros_driver2/cmake/ament_cmake_export_dependencies-extras.cmake
[11.586s] -- Installing: /home/yutou/ros2_ws/src/ws_livox/install/livox_ros_driver2/share/livox_ros_driver2/cmake/ament_cmake_export_include_directories-extras.cmake
[11.586s] -- Installing: /home/yutou/ros2_ws/src/ws_livox/install/livox_ros_driver2/share/livox_ros_driver2/cmake/ament_cmake_export_libraries-extras.cmake
[11.586s] -- Installing: /home/yutou/ros2_ws/src/ws_livox/install/livox_ros_driver2/share/livox_ros_driver2/cmake/ament_cmake_export_targets-extras.cmake
[11.586s] -- Installing: /home/yutou/ros2_ws/src/ws_livox/install/livox_ros_driver2/share/livox_ros_driver2/cmake/rosidl_cmake_export_typesupport_targets-extras.cmake
[11.586s] -- Installing: /home/yutou/ros2_ws/src/ws_livox/install/livox_ros_driver2/share/livox_ros_driver2/cmake/rosidl_cmake_export_typesupport_libraries-extras.cmake
[11.586s] -- Installing: /home/yutou/ros2_ws/src/ws_livox/install/livox_ros_driver2/share/livox_ros_driver2/cmake/livox_ros_driver2Config.cmake
[11.586s] -- Installing: /home/yutou/ros2_ws/src/ws_livox/install/livox_ros_driver2/share/livox_ros_driver2/cmake/livox_ros_driver2Config-version.cmake
[11.586s] -- Installing: /home/yutou/ros2_ws/src/ws_livox/install/livox_ros_driver2/share/livox_ros_driver2/package.xml
[11.588s] Invoked command in '/home/yutou/ros2_ws/src/ws_livox/build/livox_ros_driver2' returned '0': CMAKE_PREFIX_PATH=/opt/ros/humble /usr/bin/cmake --install /home/yutou/ros2_ws/src/ws_livox/build/livox_ros_driver2
