[0.008s] Invoking command in '/home/yutou/ros2_ws/packages/ws_livox/build/livox_ros_driver2': CMAKE_PREFIX_PATH=${CMAKE_PREFIX_PATH}:/home/yutou/ros2_ws/install/node:/opt/ros/humble /usr/bin/cmake /home/yutou/ros2_ws/packages/ws_livox/src/livox_ros_driver2 -DROS_EDITION=ROS2 -DHUMBLE_ROS=humble -DCMAKE_INSTALL_PREFIX=/home/yutou/ros2_ws/packages/ws_livox/install/livox_ros_driver2
[0.084s] -- The C compiler identification is GNU 11.4.0
[0.198s] -- The CXX compiler identification is GNU 11.4.0
[0.205s] -- Detecting C compiler ABI info
[0.286s] -- Detecting C compiler ABI info - done
[0.291s] -- Check for working C compiler: /usr/bin/cc - skipped
[0.291s] -- Detecting C compile features
[0.292s] -- Detecting C compile features - done
[0.294s] -- Detecting CXX compiler ABI info
[0.370s] -- Detecting CXX compiler ABI info - done
[0.375s] -- Check for working CXX compiler: /usr/bin/c++ - skipped
[0.376s] -- Detecting CXX compile features
[0.376s] -- Detecting CXX compile features - done
[0.376s] -- livox_ros_driver2 version: 1.2.4
[0.378s] -- Found ament_cmake_auto: 1.3.12 (/opt/ros/humble/share/ament_cmake_auto/cmake)
[0.494s] -- Found Python3: /usr/bin/python3 (found version "3.10.12") found components: Interpreter 
[0.625s] -- Using all available rosidl_typesupport_c: rosidl_typesupport_fastrtps_c;rosidl_typesupport_introspection_c
[0.631s] -- Found rosidl_adapter: 3.1.7 (/opt/ros/humble/share/rosidl_adapter/cmake)
[0.662s] -- Using all available rosidl_typesupport_cpp: rosidl_typesupport_fastrtps_cpp;rosidl_typesupport_introspection_cpp
[0.728s] -- Found rmw_implementation_cmake: 6.1.2 (/opt/ros/humble/share/rmw_implementation_cmake/cmake)
[0.730s] -- Found rmw_fastrtps_cpp: 6.2.8 (/opt/ros/humble/share/rmw_fastrtps_cpp/cmake)
[0.807s] -- Found OpenSSL: /usr/lib/x86_64-linux-gnu/libcrypto.so (found version "3.0.2")  
[0.835s] -- Found FastRTPS: /opt/ros/humble/include  
[0.879s] -- Using RMW implementation 'rmw_fastrtps_cpp' as default
[0.886s] -- Looking for pthread.h
[0.956s] -- Looking for pthread.h - found
[0.956s] -- Performing Test CMAKE_HAVE_LIBC_PTHREAD
[1.042s] -- Performing Test CMAKE_HAVE_LIBC_PTHREAD - Success
[1.043s] -- Found Threads: TRUE  
[1.151s] -- Checking for module 'eigen3'
[1.163s] --   Found eigen3, version 3.4.0
[1.203s] -- Found Eigen: /usr/include/eigen3 (Required is at least version "3.1") 
[1.203s] -- Eigen found (include: /usr/include/eigen3, version: 3.4.0)
[1.244s] -- Checking for module 'flann'
[1.257s] --   Found flann, version 1.9.1
[1.306s] -- Found FLANN: /usr/lib/x86_64-linux-gnu/libflann_cpp.so  
[1.306s] -- FLANN found (include: /usr/include, lib: /usr/lib/x86_64-linux-gnu/libflann_cpp.so)
[2.158s] -- Checking for module 'libusb-1.0'
[2.170s] --   Found libusb-1.0, version 1.0.25
[2.208s] -- Found libusb: /usr/lib/x86_64-linux-gnu/libusb-1.0.so  
[2.210s] -- OpenNI found (version: 1.5.4.0, include: /usr/include/ni, lib: /usr/lib/libOpenNI.so;libusb::libusb)
[2.283s] -- OpenNI2 found (version: 2.2.0.33, include: /usr/include/openni2, lib: /usr/lib/x86_64-linux-gnu/libOpenNI2.so;libusb::libusb)
[2.392s] -- Eigen found (include: /usr/include/eigen3, version: 3.4.0)
[2.398s] -- OpenNI found (version: 1.5.4.0, include: /usr/include/ni, lib: /usr/lib/libOpenNI.so;libusb::libusb)
[2.403s] -- OpenNI2 found (version: 2.2.0.33, include: /usr/include/openni2, lib: /usr/lib/x86_64-linux-gnu/libOpenNI2.so;libusb::libusb)
[2.512s] -- Found Qhull version 8.0.2
[2.614s] -- OpenNI found (version: 1.5.4.0, include: /usr/include/ni, lib: /usr/lib/libOpenNI.so;libusb::libusb)
[2.725s] -- Found PCL_COMMON: /usr/lib/x86_64-linux-gnu/libpcl_common.so  
[2.725s] -- Found PCL_KDTREE: /usr/lib/x86_64-linux-gnu/libpcl_kdtree.so  
[2.727s] -- Found PCL_OCTREE: /usr/lib/x86_64-linux-gnu/libpcl_octree.so  
[2.727s] -- Found PCL_SEARCH: /usr/lib/x86_64-linux-gnu/libpcl_search.so  
[2.728s] -- Found PCL_SAMPLE_CONSENSUS: /usr/lib/x86_64-linux-gnu/libpcl_sample_consensus.so  
[2.728s] -- Found PCL_FILTERS: /usr/lib/x86_64-linux-gnu/libpcl_filters.so  
[2.729s] -- Found PCL_2D: /usr/include/pcl-1.12  
[2.729s] -- Found PCL_GEOMETRY: /usr/include/pcl-1.12  
[2.729s] -- Found PCL_IO: /usr/lib/x86_64-linux-gnu/libpcl_io.so  
[2.730s] -- Found PCL_FEATURES: /usr/lib/x86_64-linux-gnu/libpcl_features.so  
[2.731s] -- Found PCL_ML: /usr/lib/x86_64-linux-gnu/libpcl_ml.so  
[2.731s] -- Found PCL_SEGMENTATION: /usr/lib/x86_64-linux-gnu/libpcl_segmentation.so  
[2.732s] -- Found PCL_VISUALIZATION: /usr/lib/x86_64-linux-gnu/libpcl_visualization.so  
[2.732s] -- Found PCL_SURFACE: /usr/lib/x86_64-linux-gnu/libpcl_surface.so  
[2.733s] -- Found PCL_REGISTRATION: /usr/lib/x86_64-linux-gnu/libpcl_registration.so  
[2.734s] -- Found PCL_KEYPOINTS: /usr/lib/x86_64-linux-gnu/libpcl_keypoints.so  
[2.734s] -- Found PCL_TRACKING: /usr/lib/x86_64-linux-gnu/libpcl_tracking.so  
[2.735s] -- Found PCL_RECOGNITION: /usr/lib/x86_64-linux-gnu/libpcl_recognition.so  
[2.735s] -- Found PCL_STEREO: /usr/lib/x86_64-linux-gnu/libpcl_stereo.so  
[2.736s] -- Found PCL_APPS: /usr/lib/x86_64-linux-gnu/libpcl_apps.so  
[2.737s] -- Found PCL_IN_HAND_SCANNER: /usr/include/pcl-1.12  
[2.737s] -- Found PCL_MODELER: /usr/include/pcl-1.12  
[2.737s] -- Found PCL_POINT_CLOUD_EDITOR: /usr/include/pcl-1.12  
[2.738s] -- Found PCL_OUTOFCORE: /usr/lib/x86_64-linux-gnu/libpcl_outofcore.so  
[2.739s] -- Found PCL_PEOPLE: /usr/lib/x86_64-linux-gnu/libpcl_people.so  
[2.782s] -- Found PkgConfig: /usr/bin/pkg-config (found version "0.29.2") 
[2.783s] -- Checking for module 'apr-1'
[2.785s] --   No package 'apr-1' found
[2.939s] -- Found ament_cmake_ros: 0.10.0 (/opt/ros/humble/share/ament_cmake_ros/cmake)
[3.117s] -- Using all available rosidl_typesupport_c: rosidl_typesupport_fastrtps_c;rosidl_typesupport_introspection_c
[3.335s] -- Using all available rosidl_typesupport_cpp: rosidl_typesupport_fastrtps_cpp;rosidl_typesupport_introspection_cpp
[3.359s] -- Found PythonInterp: /usr/bin/python3 (found suitable version "3.10.12", minimum required is "3.6") 
[3.360s] -- Found python_cmake_module: 0.10.0 (/opt/ros/humble/share/python_cmake_module/cmake)
[3.381s] -- Found PythonLibs: /usr/lib/x86_64-linux-gnu/libpython3.10.so (found suitable version "3.10.12", minimum required is "3.5") 
[3.381s] -- Using PYTHON_EXECUTABLE: /usr/bin/python3
[3.381s] -- Using PYTHON_INCLUDE_DIRS: /usr/include/python3.10
[3.381s] -- Using PYTHON_LIBRARIES: /usr/lib/x86_64-linux-gnu/libpython3.10.so
[3.396s] -- Found PythonExtra: .so  
[3.449s] -- Found ament_lint_auto: 0.12.14 (/opt/ros/humble/share/ament_lint_auto/cmake)
[3.467s] -- Added test 'copyright' to check source files copyright and LICENSE
[3.471s] -- Added test 'cppcheck' to perform static code analysis on C / C++ code
[3.472s] -- Configured cppcheck include dirs: /home/yutou/ros2_ws/packages/ws_livox/src/livox_ros_driver2/3rdparty;/home/yutou/ros2_ws/packages/ws_livox/src/livox_ros_driver2/src
[3.472s] -- Configured cppcheck exclude dirs and/or files: 
[3.475s] -- Added test 'cpplint' to check C / C++ code against the Google style
[3.475s] -- Configured cpplint exclude dirs and/or files: 
[3.476s] -- Added test 'flake8' to check Python code syntax and style conventions
[3.477s] -- Added test 'lint_cmake' to check CMake code style
[3.478s] -- Added test 'pep257' to check Python code against some of the docstring style conventions in PEP 257
[3.482s] -- Added test 'uncrustify' to check C / C++ code style
[3.482s] -- Configured uncrustify additional arguments: 
[3.483s] -- Added test 'xmllint' to check XML markup files
[3.484s] -- Configuring done
[3.535s] -- Generating done
[3.553s] -- Build files have been written to: /home/yutou/ros2_ws/packages/ws_livox/build/livox_ros_driver2
[3.568s] Invoked command in '/home/yutou/ros2_ws/packages/ws_livox/build/livox_ros_driver2' returned '0': CMAKE_PREFIX_PATH=${CMAKE_PREFIX_PATH}:/home/yutou/ros2_ws/install/node:/opt/ros/humble /usr/bin/cmake /home/yutou/ros2_ws/packages/ws_livox/src/livox_ros_driver2 -DROS_EDITION=ROS2 -DHUMBLE_ROS=humble -DCMAKE_INSTALL_PREFIX=/home/yutou/ros2_ws/packages/ws_livox/install/livox_ros_driver2
[3.569s] Invoking command in '/home/yutou/ros2_ws/packages/ws_livox/build/livox_ros_driver2': CMAKE_PREFIX_PATH=${CMAKE_PREFIX_PATH}:/home/yutou/ros2_ws/install/node:/opt/ros/humble /usr/bin/cmake --build /home/yutou/ros2_ws/packages/ws_livox/build/livox_ros_driver2 -- -j20 -l20
[3.617s] [  1%] [34m[1mGenerating C code for ROS interfaces[0m
[3.629s] [  3%] [34m[1mGenerating C++ code for ROS interfaces[0m
[3.630s] [  5%] [32mBuilding CXX object CMakeFiles/livox_ros_driver2_node.dir/rclcpp_components/node_main_livox_ros_driver2_node.cpp.o[0m
[3.641s] [  5%] Built target ament_cmake_python_copy_livox_ros_driver2
[3.773s] running egg_info
[3.773s] creating livox_ros_driver2.egg-info
[3.773s] writing livox_ros_driver2.egg-info/PKG-INFO
[3.774s] writing dependency_links to livox_ros_driver2.egg-info/dependency_links.txt
[3.774s] writing top-level names to livox_ros_driver2.egg-info/top_level.txt
[3.774s] writing manifest file 'livox_ros_driver2.egg-info/SOURCES.txt'
[3.775s] reading manifest file 'livox_ros_driver2.egg-info/SOURCES.txt'
[3.775s] writing manifest file 'livox_ros_driver2.egg-info/SOURCES.txt'
[3.797s] [  5%] Built target ament_cmake_python_build_livox_ros_driver2_egg
[3.902s] [  5%] Built target livox_interfaces2__cpp
[3.908s] [  7%] [34m[1mGenerating C++ type support for eProsima Fast-RTPS[0m
[3.908s] [  8%] [34m[1mGenerating C++ introspection for ROS interfaces[0m
[3.909s] [ 12%] [32mBuilding C object CMakeFiles/livox_interfaces2__rosidl_generator_c.dir/rosidl_generator_c/livox_ros_driver2/msg/detail/custom_point__functions.c.o[0m
[3.909s] [ 12%] [32mBuilding C object CMakeFiles/livox_interfaces2__rosidl_generator_c.dir/rosidl_generator_c/livox_ros_driver2/msg/detail/custom_msg__functions.c.o[0m
[3.911s] [ 14%] [34m[1mGenerating C++ type support dispatch for ROS interfaces[0m
[3.954s] [ 15%] [32m[1mLinking C shared library liblivox_ros_driver2__rosidl_generator_c.so[0m
[3.988s] [ 15%] Built target livox_interfaces2__rosidl_generator_c
[3.996s] [ 17%] [34m[1mGenerating C introspection for ROS interfaces[0m
[3.998s] [ 21%] [34m[1mGenerating C type support for eProsima Fast-RTPS[0m
[3.998s] [ 21%] [34m[1mGenerating C type support dispatch for ROS interfaces[0m
[4.161s] [ 22%] [32mBuilding CXX object CMakeFiles/livox_interfaces2__rosidl_typesupport_cpp.dir/rosidl_typesupport_cpp/livox_ros_driver2/msg/custom_msg__type_support.cpp.o[0m
[4.161s] [ 24%] [32mBuilding CXX object CMakeFiles/livox_interfaces2__rosidl_typesupport_cpp.dir/rosidl_typesupport_cpp/livox_ros_driver2/msg/custom_point__type_support.cpp.o[0m
[4.167s] [ 26%] [32mBuilding CXX object CMakeFiles/livox_interfaces2__rosidl_typesupport_introspection_cpp.dir/rosidl_typesupport_introspection_cpp/livox_ros_driver2/msg/detail/custom_point__type_support.cpp.o[0m
[4.168s] [ 28%] [32mBuilding CXX object CMakeFiles/livox_interfaces2__rosidl_typesupport_introspection_cpp.dir/rosidl_typesupport_introspection_cpp/livox_ros_driver2/msg/detail/custom_msg__type_support.cpp.o[0m
[4.175s] [ 31%] [32mBuilding CXX object CMakeFiles/livox_interfaces2__rosidl_typesupport_fastrtps_cpp.dir/rosidl_typesupport_fastrtps_cpp/livox_ros_driver2/msg/detail/dds_fastrtps/custom_point__type_support.cpp.o[0m
[4.175s] [ 31%] [32mBuilding CXX object CMakeFiles/livox_interfaces2__rosidl_typesupport_fastrtps_cpp.dir/rosidl_typesupport_fastrtps_cpp/livox_ros_driver2/msg/detail/dds_fastrtps/custom_msg__type_support.cpp.o[0m
[4.268s] [ 33%] [32mBuilding CXX object CMakeFiles/livox_interfaces2__rosidl_typesupport_fastrtps_c.dir/rosidl_typesupport_fastrtps_c/livox_ros_driver2/msg/detail/custom_point__type_support_c.cpp.o[0m
[4.270s] [ 35%] [32mBuilding CXX object CMakeFiles/livox_interfaces2__rosidl_typesupport_fastrtps_c.dir/rosidl_typesupport_fastrtps_c/livox_ros_driver2/msg/detail/custom_msg__type_support_c.cpp.o[0m
[4.291s] [ 38%] [32mBuilding C object CMakeFiles/livox_interfaces2__rosidl_typesupport_introspection_c.dir/rosidl_typesupport_introspection_c/livox_ros_driver2/msg/detail/custom_point__type_support.c.o[0m
[4.291s] [ 38%] [32mBuilding C object CMakeFiles/livox_interfaces2__rosidl_typesupport_introspection_c.dir/rosidl_typesupport_introspection_c/livox_ros_driver2/msg/detail/custom_msg__type_support.c.o[0m
[4.326s] [ 40%] [32m[1mLinking C shared library liblivox_ros_driver2__rosidl_typesupport_introspection_c.so[0m
[4.348s] [ 40%] Built target livox_interfaces2__rosidl_typesupport_introspection_c
[4.386s] [ 42%] [32mBuilding CXX object CMakeFiles/livox_interfaces2__rosidl_typesupport_c.dir/rosidl_typesupport_c/livox_ros_driver2/msg/custom_msg__type_support.cpp.o[0m
[4.388s] [ 43%] [32mBuilding CXX object CMakeFiles/livox_interfaces2__rosidl_typesupport_c.dir/rosidl_typesupport_c/livox_ros_driver2/msg/custom_point__type_support.cpp.o[0m
[4.416s] [ 45%] [32m[1mLinking CXX shared library liblivox_ros_driver2__rosidl_typesupport_c.so[0m
[4.432s] [ 47%] [32m[1mLinking CXX shared library liblivox_ros_driver2__rosidl_typesupport_cpp.so[0m
[4.447s] [ 47%] Built target livox_interfaces2__rosidl_typesupport_c
[4.467s] [ 47%] Built target livox_interfaces2__rosidl_typesupport_cpp
[4.489s] [ 49%] [32mBuilding CXX object CMakeFiles/livox_ros_driver2.dir/src/lddc.cpp.o[0m
[4.490s] [ 52%] [32mBuilding CXX object CMakeFiles/livox_ros_driver2.dir/src/lds_lidar.cpp.o[0m
[4.490s] [ 52%] [32mBuilding CXX object CMakeFiles/livox_ros_driver2.dir/src/livox_ros_driver2.cpp.o[0m
[4.490s] [ 56%] [32mBuilding CXX object CMakeFiles/livox_ros_driver2.dir/src/driver_node.cpp.o[0m
[4.491s] [ 56%] [32mBuilding CXX object CMakeFiles/livox_ros_driver2.dir/src/comm/comm.cpp.o[0m
[4.491s] [ 57%] [32mBuilding CXX object CMakeFiles/livox_ros_driver2.dir/src/lds.cpp.o[0m
[4.491s] [ 59%] [32mBuilding CXX object CMakeFiles/livox_ros_driver2.dir/src/comm/ldq.cpp.o[0m
[4.491s] [ 61%] [32mBuilding CXX object CMakeFiles/livox_ros_driver2.dir/src/comm/lidar_imu_data_queue.cpp.o[0m
[4.491s] [ 63%] [32mBuilding CXX object CMakeFiles/livox_ros_driver2.dir/src/parse_cfg_file/parse_cfg_file.cpp.o[0m
[4.491s] [ 64%] [32mBuilding CXX object CMakeFiles/livox_ros_driver2.dir/src/call_back/lidar_common_callback.cpp.o[0m
[4.491s] [ 66%] [32mBuilding CXX object CMakeFiles/livox_ros_driver2.dir/src/comm/semaphore.cpp.o[0m
[4.492s] [ 68%] [32mBuilding CXX object CMakeFiles/livox_ros_driver2.dir/src/call_back/livox_lidar_callback.cpp.o[0m
[4.492s] [ 70%] [32mBuilding CXX object CMakeFiles/livox_ros_driver2.dir/src/comm/cache_index.cpp.o[0m
[4.492s] [ 73%] [32mBuilding CXX object CMakeFiles/livox_ros_driver2.dir/src/parse_cfg_file/parse_livox_lidar_cfg.cpp.o[0m
[4.492s] [ 73%] [32mBuilding CXX object CMakeFiles/livox_ros_driver2.dir/src/comm/pub_handler.cpp.o[0m
[4.544s] [ 75%] [32m[1mLinking CXX shared library liblivox_ros_driver2__rosidl_typesupport_fastrtps_cpp.so[0m
[4.549s] [ 77%] [32m[1mLinking CXX shared library liblivox_ros_driver2__rosidl_typesupport_fastrtps_c.so[0m
[4.575s] [ 78%] [32m[1mLinking CXX shared library liblivox_ros_driver2__rosidl_typesupport_introspection_cpp.so[0m
[4.618s] [ 78%] Built target livox_interfaces2__rosidl_typesupport_fastrtps_cpp
[4.628s] [ 78%] Built target livox_interfaces2__rosidl_typesupport_fastrtps_c
[4.645s] [ 78%] Built target livox_interfaces2__rosidl_typesupport_introspection_cpp
[4.668s] [ 78%] Built target livox_interfaces2
[4.689s] [ 80%] [34m[1mGenerating Python code for ROS interfaces[0m
[5.416s] [ 80%] Built target livox_interfaces2__py
[5.437s] [ 84%] [32mBuilding C object CMakeFiles/livox_interfaces2__rosidl_generator_py.dir/rosidl_generator_py/livox_ros_driver2/msg/_custom_msg_s.c.o[0m
[5.437s] [ 84%] [32mBuilding C object CMakeFiles/livox_interfaces2__rosidl_generator_py.dir/rosidl_generator_py/livox_ros_driver2/msg/_custom_point_s.c.o[0m
[5.549s] [ 85%] [32m[1mLinking C shared library rosidl_generator_py/livox_ros_driver2/liblivox_interfaces2__rosidl_generator_py.so[0m
[5.585s] [ 85%] Built target livox_interfaces2__rosidl_generator_py
[5.603s] [ 89%] [32mBuilding C object CMakeFiles/livox_ros_driver2__rosidl_typesupport_introspection_c__pyext.dir/rosidl_generator_py/livox_ros_driver2/_livox_ros_driver2_s.ep.rosidl_typesupport_introspection_c.c.o[0m
[5.603s] [ 89%] [32mBuilding C object CMakeFiles/livox_ros_driver2__rosidl_typesupport_fastrtps_c__pyext.dir/rosidl_generator_py/livox_ros_driver2/_livox_ros_driver2_s.ep.rosidl_typesupport_fastrtps_c.c.o[0m
[5.604s] [ 91%] [32mBuilding C object CMakeFiles/livox_ros_driver2__rosidl_typesupport_c__pyext.dir/rosidl_generator_py/livox_ros_driver2/_livox_ros_driver2_s.ep.rosidl_typesupport_c.c.o[0m
[5.672s] [ 92%] [32m[1mLinking C shared library rosidl_generator_py/livox_ros_driver2/livox_ros_driver2_s__rosidl_typesupport_c.cpython-310-x86_64-linux-gnu.so[0m
[5.677s] [ 94%] [32m[1mLinking C shared library rosidl_generator_py/livox_ros_driver2/livox_ros_driver2_s__rosidl_typesupport_introspection_c.cpython-310-x86_64-linux-gnu.so[0m
[5.691s] [ 96%] [32m[1mLinking C shared library rosidl_generator_py/livox_ros_driver2/livox_ros_driver2_s__rosidl_typesupport_fastrtps_c.cpython-310-x86_64-linux-gnu.so[0m
[5.705s] [ 96%] Built target livox_ros_driver2__rosidl_typesupport_c__pyext
[5.709s] [ 96%] Built target livox_ros_driver2__rosidl_typesupport_introspection_c__pyext
[5.724s] [ 96%] Built target livox_ros_driver2__rosidl_typesupport_fastrtps_c__pyext
[6.062s] [ 98%] [32m[1mLinking CXX executable livox_ros_driver2_node[0m
[6.159s] [ 98%] Built target livox_ros_driver2_node
[10.130s] [100%] [32m[1mLinking CXX shared library liblivox_ros_driver2.so[0m
[10.762s] [100%] Built target livox_ros_driver2
[10.771s] Invoked command in '/home/yutou/ros2_ws/packages/ws_livox/build/livox_ros_driver2' returned '0': CMAKE_PREFIX_PATH=${CMAKE_PREFIX_PATH}:/home/yutou/ros2_ws/install/node:/opt/ros/humble /usr/bin/cmake --build /home/yutou/ros2_ws/packages/ws_livox/build/livox_ros_driver2 -- -j20 -l20
[10.779s] Invoking command in '/home/yutou/ros2_ws/packages/ws_livox/build/livox_ros_driver2': CMAKE_PREFIX_PATH=${CMAKE_PREFIX_PATH}:/home/yutou/ros2_ws/install/node:/opt/ros/humble /usr/bin/cmake --install /home/yutou/ros2_ws/packages/ws_livox/build/livox_ros_driver2
[10.788s] -- Install configuration: ""
[10.788s] -- Installing: /home/yutou/ros2_ws/packages/ws_livox/install/livox_ros_driver2/share/ament_index/resource_index/rosidl_interfaces/livox_ros_driver2
[10.789s] -- Installing: /home/yutou/ros2_ws/packages/ws_livox/install/livox_ros_driver2/include/livox_ros_driver2/livox_ros_driver2
[10.789s] -- Installing: /home/yutou/ros2_ws/packages/ws_livox/install/livox_ros_driver2/include/livox_ros_driver2/livox_ros_driver2/msg
[10.789s] -- Installing: /home/yutou/ros2_ws/packages/ws_livox/install/livox_ros_driver2/include/livox_ros_driver2/livox_ros_driver2/msg/detail
[10.789s] -- Installing: /home/yutou/ros2_ws/packages/ws_livox/install/livox_ros_driver2/include/livox_ros_driver2/livox_ros_driver2/msg/detail/custom_msg__functions.h
[10.789s] -- Installing: /home/yutou/ros2_ws/packages/ws_livox/install/livox_ros_driver2/include/livox_ros_driver2/livox_ros_driver2/msg/detail/custom_point__functions.c
[10.789s] -- Installing: /home/yutou/ros2_ws/packages/ws_livox/install/livox_ros_driver2/include/livox_ros_driver2/livox_ros_driver2/msg/detail/custom_msg__struct.h
[10.789s] -- Installing: /home/yutou/ros2_ws/packages/ws_livox/install/livox_ros_driver2/include/livox_ros_driver2/livox_ros_driver2/msg/detail/custom_msg__functions.c
[10.789s] -- Installing: /home/yutou/ros2_ws/packages/ws_livox/install/livox_ros_driver2/include/livox_ros_driver2/livox_ros_driver2/msg/detail/custom_point__struct.h
[10.789s] -- Installing: /home/yutou/ros2_ws/packages/ws_livox/install/livox_ros_driver2/include/livox_ros_driver2/livox_ros_driver2/msg/detail/custom_point__functions.h
[10.789s] -- Installing: /home/yutou/ros2_ws/packages/ws_livox/install/livox_ros_driver2/include/livox_ros_driver2/livox_ros_driver2/msg/detail/custom_point__type_support.h
[10.789s] -- Installing: /home/yutou/ros2_ws/packages/ws_livox/install/livox_ros_driver2/include/livox_ros_driver2/livox_ros_driver2/msg/detail/custom_msg__type_support.h
[10.789s] -- Installing: /home/yutou/ros2_ws/packages/ws_livox/install/livox_ros_driver2/include/livox_ros_driver2/livox_ros_driver2/msg/rosidl_generator_c__visibility_control.h
[10.790s] -- Installing: /home/yutou/ros2_ws/packages/ws_livox/install/livox_ros_driver2/include/livox_ros_driver2/livox_ros_driver2/msg/custom_point.h
[10.790s] -- Installing: /home/yutou/ros2_ws/packages/ws_livox/install/livox_ros_driver2/include/livox_ros_driver2/livox_ros_driver2/msg/custom_msg.h
[10.790s] -- Installing: /home/yutou/ros2_ws/packages/ws_livox/install/livox_ros_driver2/share/livox_ros_driver2/environment/library_path.sh
[10.790s] -- Installing: /home/yutou/ros2_ws/packages/ws_livox/install/livox_ros_driver2/share/livox_ros_driver2/environment/library_path.dsv
[10.790s] -- Installing: /home/yutou/ros2_ws/packages/ws_livox/install/livox_ros_driver2/lib/liblivox_ros_driver2__rosidl_generator_c.so
[10.790s] -- Set runtime path of "/home/yutou/ros2_ws/packages/ws_livox/install/livox_ros_driver2/lib/liblivox_ros_driver2__rosidl_generator_c.so" to ""
[10.791s] -- Up-to-date: /home/yutou/ros2_ws/packages/ws_livox/install/livox_ros_driver2/include/livox_ros_driver2/livox_ros_driver2
[10.791s] -- Up-to-date: /home/yutou/ros2_ws/packages/ws_livox/install/livox_ros_driver2/include/livox_ros_driver2/livox_ros_driver2/msg
[10.791s] -- Up-to-date: /home/yutou/ros2_ws/packages/ws_livox/install/livox_ros_driver2/include/livox_ros_driver2/livox_ros_driver2/msg/detail
[10.791s] -- Installing: /home/yutou/ros2_ws/packages/ws_livox/install/livox_ros_driver2/include/livox_ros_driver2/livox_ros_driver2/msg/detail/custom_msg__rosidl_typesupport_fastrtps_c.h
[10.791s] -- Installing: /home/yutou/ros2_ws/packages/ws_livox/install/livox_ros_driver2/include/livox_ros_driver2/livox_ros_driver2/msg/detail/custom_point__rosidl_typesupport_fastrtps_c.h
[10.791s] -- Installing: /home/yutou/ros2_ws/packages/ws_livox/install/livox_ros_driver2/include/livox_ros_driver2/livox_ros_driver2/msg/rosidl_typesupport_fastrtps_c__visibility_control.h
[10.791s] -- Installing: /home/yutou/ros2_ws/packages/ws_livox/install/livox_ros_driver2/lib/liblivox_ros_driver2__rosidl_typesupport_fastrtps_c.so
[10.792s] -- Set runtime path of "/home/yutou/ros2_ws/packages/ws_livox/install/livox_ros_driver2/lib/liblivox_ros_driver2__rosidl_typesupport_fastrtps_c.so" to ""
[10.792s] -- Up-to-date: /home/yutou/ros2_ws/packages/ws_livox/install/livox_ros_driver2/include/livox_ros_driver2/livox_ros_driver2
[10.792s] -- Up-to-date: /home/yutou/ros2_ws/packages/ws_livox/install/livox_ros_driver2/include/livox_ros_driver2/livox_ros_driver2/msg
[10.792s] -- Up-to-date: /home/yutou/ros2_ws/packages/ws_livox/install/livox_ros_driver2/include/livox_ros_driver2/livox_ros_driver2/msg/detail
[10.792s] -- Installing: /home/yutou/ros2_ws/packages/ws_livox/install/livox_ros_driver2/include/livox_ros_driver2/livox_ros_driver2/msg/detail/custom_msg__type_support.c
[10.792s] -- Installing: /home/yutou/ros2_ws/packages/ws_livox/install/livox_ros_driver2/include/livox_ros_driver2/livox_ros_driver2/msg/detail/custom_point__rosidl_typesupport_introspection_c.h
[10.792s] -- Installing: /home/yutou/ros2_ws/packages/ws_livox/install/livox_ros_driver2/include/livox_ros_driver2/livox_ros_driver2/msg/detail/custom_point__type_support.c
[10.793s] -- Installing: /home/yutou/ros2_ws/packages/ws_livox/install/livox_ros_driver2/include/livox_ros_driver2/livox_ros_driver2/msg/detail/custom_msg__rosidl_typesupport_introspection_c.h
[10.793s] -- Installing: /home/yutou/ros2_ws/packages/ws_livox/install/livox_ros_driver2/include/livox_ros_driver2/livox_ros_driver2/msg/rosidl_typesupport_introspection_c__visibility_control.h
[10.793s] -- Installing: /home/yutou/ros2_ws/packages/ws_livox/install/livox_ros_driver2/lib/liblivox_ros_driver2__rosidl_typesupport_introspection_c.so
[10.793s] -- Set runtime path of "/home/yutou/ros2_ws/packages/ws_livox/install/livox_ros_driver2/lib/liblivox_ros_driver2__rosidl_typesupport_introspection_c.so" to ""
[10.793s] -- Installing: /home/yutou/ros2_ws/packages/ws_livox/install/livox_ros_driver2/lib/liblivox_ros_driver2__rosidl_typesupport_c.so
[10.793s] -- Set runtime path of "/home/yutou/ros2_ws/packages/ws_livox/install/livox_ros_driver2/lib/liblivox_ros_driver2__rosidl_typesupport_c.so" to ""
[10.793s] -- Up-to-date: /home/yutou/ros2_ws/packages/ws_livox/install/livox_ros_driver2/include/livox_ros_driver2/livox_ros_driver2
[10.793s] -- Up-to-date: /home/yutou/ros2_ws/packages/ws_livox/install/livox_ros_driver2/include/livox_ros_driver2/livox_ros_driver2/msg
[10.794s] -- Up-to-date: /home/yutou/ros2_ws/packages/ws_livox/install/livox_ros_driver2/include/livox_ros_driver2/livox_ros_driver2/msg/detail
[10.794s] -- Installing: /home/yutou/ros2_ws/packages/ws_livox/install/livox_ros_driver2/include/livox_ros_driver2/livox_ros_driver2/msg/detail/custom_msg__type_support.hpp
[10.794s] -- Installing: /home/yutou/ros2_ws/packages/ws_livox/install/livox_ros_driver2/include/livox_ros_driver2/livox_ros_driver2/msg/detail/custom_msg__struct.hpp
[10.794s] -- Installing: /home/yutou/ros2_ws/packages/ws_livox/install/livox_ros_driver2/include/livox_ros_driver2/livox_ros_driver2/msg/detail/custom_point__struct.hpp
[10.794s] -- Installing: /home/yutou/ros2_ws/packages/ws_livox/install/livox_ros_driver2/include/livox_ros_driver2/livox_ros_driver2/msg/detail/custom_point__builder.hpp
[10.794s] -- Installing: /home/yutou/ros2_ws/packages/ws_livox/install/livox_ros_driver2/include/livox_ros_driver2/livox_ros_driver2/msg/detail/custom_point__traits.hpp
[10.794s] -- Installing: /home/yutou/ros2_ws/packages/ws_livox/install/livox_ros_driver2/include/livox_ros_driver2/livox_ros_driver2/msg/detail/custom_point__type_support.hpp
[10.794s] -- Installing: /home/yutou/ros2_ws/packages/ws_livox/install/livox_ros_driver2/include/livox_ros_driver2/livox_ros_driver2/msg/detail/custom_msg__traits.hpp
[10.794s] -- Installing: /home/yutou/ros2_ws/packages/ws_livox/install/livox_ros_driver2/include/livox_ros_driver2/livox_ros_driver2/msg/detail/custom_msg__builder.hpp
[10.794s] -- Installing: /home/yutou/ros2_ws/packages/ws_livox/install/livox_ros_driver2/include/livox_ros_driver2/livox_ros_driver2/msg/custom_msg.hpp
[10.794s] -- Installing: /home/yutou/ros2_ws/packages/ws_livox/install/livox_ros_driver2/include/livox_ros_driver2/livox_ros_driver2/msg/rosidl_generator_cpp__visibility_control.hpp
[10.794s] -- Installing: /home/yutou/ros2_ws/packages/ws_livox/install/livox_ros_driver2/include/livox_ros_driver2/livox_ros_driver2/msg/custom_point.hpp
[10.795s] -- Up-to-date: /home/yutou/ros2_ws/packages/ws_livox/install/livox_ros_driver2/include/livox_ros_driver2/livox_ros_driver2
[10.795s] -- Up-to-date: /home/yutou/ros2_ws/packages/ws_livox/install/livox_ros_driver2/include/livox_ros_driver2/livox_ros_driver2/msg
[10.795s] -- Up-to-date: /home/yutou/ros2_ws/packages/ws_livox/install/livox_ros_driver2/include/livox_ros_driver2/livox_ros_driver2/msg/detail
[10.795s] -- Installing: /home/yutou/ros2_ws/packages/ws_livox/install/livox_ros_driver2/include/livox_ros_driver2/livox_ros_driver2/msg/detail/dds_fastrtps
[10.795s] -- Installing: /home/yutou/ros2_ws/packages/ws_livox/install/livox_ros_driver2/include/livox_ros_driver2/livox_ros_driver2/msg/detail/custom_msg__rosidl_typesupport_fastrtps_cpp.hpp
[10.795s] -- Installing: /home/yutou/ros2_ws/packages/ws_livox/install/livox_ros_driver2/include/livox_ros_driver2/livox_ros_driver2/msg/detail/custom_point__rosidl_typesupport_fastrtps_cpp.hpp
[10.795s] -- Installing: /home/yutou/ros2_ws/packages/ws_livox/install/livox_ros_driver2/include/livox_ros_driver2/livox_ros_driver2/msg/rosidl_typesupport_fastrtps_cpp__visibility_control.h
[10.795s] -- Installing: /home/yutou/ros2_ws/packages/ws_livox/install/livox_ros_driver2/lib/liblivox_ros_driver2__rosidl_typesupport_fastrtps_cpp.so
[10.796s] -- Set runtime path of "/home/yutou/ros2_ws/packages/ws_livox/install/livox_ros_driver2/lib/liblivox_ros_driver2__rosidl_typesupport_fastrtps_cpp.so" to ""
[10.796s] -- Up-to-date: /home/yutou/ros2_ws/packages/ws_livox/install/livox_ros_driver2/include/livox_ros_driver2/livox_ros_driver2
[10.796s] -- Up-to-date: /home/yutou/ros2_ws/packages/ws_livox/install/livox_ros_driver2/include/livox_ros_driver2/livox_ros_driver2/msg
[10.796s] -- Up-to-date: /home/yutou/ros2_ws/packages/ws_livox/install/livox_ros_driver2/include/livox_ros_driver2/livox_ros_driver2/msg/detail
[10.796s] -- Installing: /home/yutou/ros2_ws/packages/ws_livox/install/livox_ros_driver2/include/livox_ros_driver2/livox_ros_driver2/msg/detail/custom_point__rosidl_typesupport_introspection_cpp.hpp
[10.796s] -- Installing: /home/yutou/ros2_ws/packages/ws_livox/install/livox_ros_driver2/include/livox_ros_driver2/livox_ros_driver2/msg/detail/custom_msg__rosidl_typesupport_introspection_cpp.hpp
[10.796s] -- Installing: /home/yutou/ros2_ws/packages/ws_livox/install/livox_ros_driver2/include/livox_ros_driver2/livox_ros_driver2/msg/detail/custom_point__type_support.cpp
[10.796s] -- Installing: /home/yutou/ros2_ws/packages/ws_livox/install/livox_ros_driver2/include/livox_ros_driver2/livox_ros_driver2/msg/detail/custom_msg__type_support.cpp
[10.796s] -- Installing: /home/yutou/ros2_ws/packages/ws_livox/install/livox_ros_driver2/lib/liblivox_ros_driver2__rosidl_typesupport_introspection_cpp.so
[10.797s] -- Set runtime path of "/home/yutou/ros2_ws/packages/ws_livox/install/livox_ros_driver2/lib/liblivox_ros_driver2__rosidl_typesupport_introspection_cpp.so" to ""
[10.797s] -- Installing: /home/yutou/ros2_ws/packages/ws_livox/install/livox_ros_driver2/lib/liblivox_ros_driver2__rosidl_typesupport_cpp.so
[10.797s] -- Set runtime path of "/home/yutou/ros2_ws/packages/ws_livox/install/livox_ros_driver2/lib/liblivox_ros_driver2__rosidl_typesupport_cpp.so" to ""
[10.797s] -- Installing: /home/yutou/ros2_ws/packages/ws_livox/install/livox_ros_driver2/share/livox_ros_driver2/environment/pythonpath.sh
[10.797s] -- Installing: /home/yutou/ros2_ws/packages/ws_livox/install/livox_ros_driver2/share/livox_ros_driver2/environment/pythonpath.dsv
[10.798s] -- Installing: /home/yutou/ros2_ws/packages/ws_livox/install/livox_ros_driver2/local/lib/python3.10/dist-packages/livox_ros_driver2-1.0.0-py3.10.egg-info
[10.798s] -- Installing: /home/yutou/ros2_ws/packages/ws_livox/install/livox_ros_driver2/local/lib/python3.10/dist-packages/livox_ros_driver2-1.0.0-py3.10.egg-info/dependency_links.txt
[10.798s] -- Installing: /home/yutou/ros2_ws/packages/ws_livox/install/livox_ros_driver2/local/lib/python3.10/dist-packages/livox_ros_driver2-1.0.0-py3.10.egg-info/SOURCES.txt
[10.798s] -- Installing: /home/yutou/ros2_ws/packages/ws_livox/install/livox_ros_driver2/local/lib/python3.10/dist-packages/livox_ros_driver2-1.0.0-py3.10.egg-info/top_level.txt
[10.798s] -- Installing: /home/yutou/ros2_ws/packages/ws_livox/install/livox_ros_driver2/local/lib/python3.10/dist-packages/livox_ros_driver2-1.0.0-py3.10.egg-info/PKG-INFO
[10.798s] -- Installing: /home/yutou/ros2_ws/packages/ws_livox/install/livox_ros_driver2/local/lib/python3.10/dist-packages/livox_ros_driver2
[10.798s] -- Installing: /home/yutou/ros2_ws/packages/ws_livox/install/livox_ros_driver2/local/lib/python3.10/dist-packages/livox_ros_driver2/msg
[10.798s] -- Installing: /home/yutou/ros2_ws/packages/ws_livox/install/livox_ros_driver2/local/lib/python3.10/dist-packages/livox_ros_driver2/msg/_custom_msg_s.c
[10.799s] -- Installing: /home/yutou/ros2_ws/packages/ws_livox/install/livox_ros_driver2/local/lib/python3.10/dist-packages/livox_ros_driver2/msg/_custom_msg.py
[10.799s] -- Installing: /home/yutou/ros2_ws/packages/ws_livox/install/livox_ros_driver2/local/lib/python3.10/dist-packages/livox_ros_driver2/msg/_custom_point_s.c
[10.799s] -- Installing: /home/yutou/ros2_ws/packages/ws_livox/install/livox_ros_driver2/local/lib/python3.10/dist-packages/livox_ros_driver2/msg/_custom_point.py
[10.799s] -- Installing: /home/yutou/ros2_ws/packages/ws_livox/install/livox_ros_driver2/local/lib/python3.10/dist-packages/livox_ros_driver2/msg/__init__.py
[10.799s] -- Installing: /home/yutou/ros2_ws/packages/ws_livox/install/livox_ros_driver2/local/lib/python3.10/dist-packages/livox_ros_driver2/_livox_ros_driver2_s.ep.rosidl_typesupport_fastrtps_c.c
[10.799s] -- Installing: /home/yutou/ros2_ws/packages/ws_livox/install/livox_ros_driver2/local/lib/python3.10/dist-packages/livox_ros_driver2/livox_ros_driver2_s__rosidl_typesupport_introspection_c.cpython-310-x86_64-linux-gnu.so
[10.799s] -- Installing: /home/yutou/ros2_ws/packages/ws_livox/install/livox_ros_driver2/local/lib/python3.10/dist-packages/livox_ros_driver2/livox_ros_driver2_s__rosidl_typesupport_fastrtps_c.cpython-310-x86_64-linux-gnu.so
[10.799s] -- Installing: /home/yutou/ros2_ws/packages/ws_livox/install/livox_ros_driver2/local/lib/python3.10/dist-packages/livox_ros_driver2/_livox_ros_driver2_s.ep.rosidl_typesupport_c.c
[10.799s] -- Installing: /home/yutou/ros2_ws/packages/ws_livox/install/livox_ros_driver2/local/lib/python3.10/dist-packages/livox_ros_driver2/livox_ros_driver2_s__rosidl_typesupport_c.cpython-310-x86_64-linux-gnu.so
[10.799s] -- Installing: /home/yutou/ros2_ws/packages/ws_livox/install/livox_ros_driver2/local/lib/python3.10/dist-packages/livox_ros_driver2/__init__.py
[10.799s] -- Installing: /home/yutou/ros2_ws/packages/ws_livox/install/livox_ros_driver2/local/lib/python3.10/dist-packages/livox_ros_driver2/liblivox_interfaces2__rosidl_generator_py.so
[10.800s] -- Installing: /home/yutou/ros2_ws/packages/ws_livox/install/livox_ros_driver2/local/lib/python3.10/dist-packages/livox_ros_driver2/_livox_ros_driver2_s.ep.rosidl_typesupport_introspection_c.c
[10.831s] Listing '/home/yutou/ros2_ws/packages/ws_livox/install/livox_ros_driver2/local/lib/python3.10/dist-packages/livox_ros_driver2'...
[10.831s] Compiling '/home/yutou/ros2_ws/packages/ws_livox/install/livox_ros_driver2/local/lib/python3.10/dist-packages/livox_ros_driver2/__init__.py'...
[10.831s] Listing '/home/yutou/ros2_ws/packages/ws_livox/install/livox_ros_driver2/local/lib/python3.10/dist-packages/livox_ros_driver2/msg'...
[10.831s] Compiling '/home/yutou/ros2_ws/packages/ws_livox/install/livox_ros_driver2/local/lib/python3.10/dist-packages/livox_ros_driver2/msg/__init__.py'...
[10.831s] Compiling '/home/yutou/ros2_ws/packages/ws_livox/install/livox_ros_driver2/local/lib/python3.10/dist-packages/livox_ros_driver2/msg/_custom_msg.py'...
[10.831s] Compiling '/home/yutou/ros2_ws/packages/ws_livox/install/livox_ros_driver2/local/lib/python3.10/dist-packages/livox_ros_driver2/msg/_custom_point.py'...
[10.834s] -- Installing: /home/yutou/ros2_ws/packages/ws_livox/install/livox_ros_driver2/local/lib/python3.10/dist-packages/livox_ros_driver2/livox_ros_driver2_s__rosidl_typesupport_fastrtps_c.cpython-310-x86_64-linux-gnu.so
[10.834s] -- Set runtime path of "/home/yutou/ros2_ws/packages/ws_livox/install/livox_ros_driver2/local/lib/python3.10/dist-packages/livox_ros_driver2/livox_ros_driver2_s__rosidl_typesupport_fastrtps_c.cpython-310-x86_64-linux-gnu.so" to ""
[10.835s] -- Installing: /home/yutou/ros2_ws/packages/ws_livox/install/livox_ros_driver2/local/lib/python3.10/dist-packages/livox_ros_driver2/livox_ros_driver2_s__rosidl_typesupport_introspection_c.cpython-310-x86_64-linux-gnu.so
[10.835s] -- Set runtime path of "/home/yutou/ros2_ws/packages/ws_livox/install/livox_ros_driver2/local/lib/python3.10/dist-packages/livox_ros_driver2/livox_ros_driver2_s__rosidl_typesupport_introspection_c.cpython-310-x86_64-linux-gnu.so" to ""
[10.835s] -- Installing: /home/yutou/ros2_ws/packages/ws_livox/install/livox_ros_driver2/local/lib/python3.10/dist-packages/livox_ros_driver2/livox_ros_driver2_s__rosidl_typesupport_c.cpython-310-x86_64-linux-gnu.so
[10.835s] -- Set runtime path of "/home/yutou/ros2_ws/packages/ws_livox/install/livox_ros_driver2/local/lib/python3.10/dist-packages/livox_ros_driver2/livox_ros_driver2_s__rosidl_typesupport_c.cpython-310-x86_64-linux-gnu.so" to ""
[10.835s] -- Installing: /home/yutou/ros2_ws/packages/ws_livox/install/livox_ros_driver2/lib/liblivox_interfaces2__rosidl_generator_py.so
[10.835s] -- Set runtime path of "/home/yutou/ros2_ws/packages/ws_livox/install/livox_ros_driver2/lib/liblivox_interfaces2__rosidl_generator_py.so" to ""
[10.835s] -- Installing: /home/yutou/ros2_ws/packages/ws_livox/install/livox_ros_driver2/share/livox_ros_driver2/msg/CustomPoint.idl
[10.835s] -- Installing: /home/yutou/ros2_ws/packages/ws_livox/install/livox_ros_driver2/share/livox_ros_driver2/msg/CustomMsg.idl
[10.835s] -- Installing: /home/yutou/ros2_ws/packages/ws_livox/install/livox_ros_driver2/share/livox_ros_driver2/msg/CustomPoint.msg
[10.835s] -- Installing: /home/yutou/ros2_ws/packages/ws_livox/install/livox_ros_driver2/share/livox_ros_driver2/msg/CustomMsg.msg
[10.835s] -- Installing: /home/yutou/ros2_ws/packages/ws_livox/install/livox_ros_driver2/lib/livox_ros_driver2/livox_ros_driver2_node
[10.836s] -- Set runtime path of "/home/yutou/ros2_ws/packages/ws_livox/install/livox_ros_driver2/lib/livox_ros_driver2/livox_ros_driver2_node" to ""
[10.836s] -- Installing: /home/yutou/ros2_ws/packages/ws_livox/install/livox_ros_driver2/lib/liblivox_ros_driver2.so
[10.838s] -- Set runtime path of "/home/yutou/ros2_ws/packages/ws_livox/install/livox_ros_driver2/lib/liblivox_ros_driver2.so" to ""
[10.838s] -- Installing: /home/yutou/ros2_ws/packages/ws_livox/install/livox_ros_driver2/share/livox_ros_driver2/config
[10.838s] -- Installing: /home/yutou/ros2_ws/packages/ws_livox/install/livox_ros_driver2/share/livox_ros_driver2/config/display_point_cloud_ROS2.rviz
[10.838s] -- Installing: /home/yutou/ros2_ws/packages/ws_livox/install/livox_ros_driver2/share/livox_ros_driver2/config/mixed_HAP_MID360_config.json
[10.838s] -- Installing: /home/yutou/ros2_ws/packages/ws_livox/install/livox_ros_driver2/share/livox_ros_driver2/config/HAP_config.json
[10.839s] -- Installing: /home/yutou/ros2_ws/packages/ws_livox/install/livox_ros_driver2/share/livox_ros_driver2/config/MID360_config.json
[10.839s] -- Installing: /home/yutou/ros2_ws/packages/ws_livox/install/livox_ros_driver2/share/livox_ros_driver2/config/display_point_cloud_ROS1.rviz
[10.839s] -- Installing: /home/yutou/ros2_ws/packages/ws_livox/install/livox_ros_driver2/share/livox_ros_driver2/launch_ROS2
[10.839s] -- Installing: /home/yutou/ros2_ws/packages/ws_livox/install/livox_ros_driver2/share/livox_ros_driver2/launch_ROS2/rviz_mixed.py
[10.839s] -- Installing: /home/yutou/ros2_ws/packages/ws_livox/install/livox_ros_driver2/share/livox_ros_driver2/launch_ROS2/msg_MID360_launch.py
[10.839s] -- Installing: /home/yutou/ros2_ws/packages/ws_livox/install/livox_ros_driver2/share/livox_ros_driver2/launch_ROS2/rviz_MID360_launch.py
[10.839s] -- Installing: /home/yutou/ros2_ws/packages/ws_livox/install/livox_ros_driver2/share/livox_ros_driver2/launch_ROS2/rviz_HAP_launch.py
[10.839s] -- Installing: /home/yutou/ros2_ws/packages/ws_livox/install/livox_ros_driver2/share/livox_ros_driver2/launch_ROS2/msg_HAP_launch.py
[10.839s] -- Installing: /home/yutou/ros2_ws/packages/ws_livox/install/livox_ros_driver2/share/ament_index/resource_index/package_run_dependencies/livox_ros_driver2
[10.840s] -- Installing: /home/yutou/ros2_ws/packages/ws_livox/install/livox_ros_driver2/share/ament_index/resource_index/parent_prefix_path/livox_ros_driver2
[10.840s] -- Installing: /home/yutou/ros2_ws/packages/ws_livox/install/livox_ros_driver2/share/livox_ros_driver2/environment/ament_prefix_path.sh
[10.840s] -- Installing: /home/yutou/ros2_ws/packages/ws_livox/install/livox_ros_driver2/share/livox_ros_driver2/environment/ament_prefix_path.dsv
[10.840s] -- Installing: /home/yutou/ros2_ws/packages/ws_livox/install/livox_ros_driver2/share/livox_ros_driver2/environment/path.sh
[10.840s] -- Installing: /home/yutou/ros2_ws/packages/ws_livox/install/livox_ros_driver2/share/livox_ros_driver2/environment/path.dsv
[10.840s] -- Installing: /home/yutou/ros2_ws/packages/ws_livox/install/livox_ros_driver2/share/livox_ros_driver2/local_setup.bash
[10.840s] -- Installing: /home/yutou/ros2_ws/packages/ws_livox/install/livox_ros_driver2/share/livox_ros_driver2/local_setup.sh
[10.840s] -- Installing: /home/yutou/ros2_ws/packages/ws_livox/install/livox_ros_driver2/share/livox_ros_driver2/local_setup.zsh
[10.840s] -- Installing: /home/yutou/ros2_ws/packages/ws_livox/install/livox_ros_driver2/share/livox_ros_driver2/local_setup.dsv
[10.840s] -- Installing: /home/yutou/ros2_ws/packages/ws_livox/install/livox_ros_driver2/share/livox_ros_driver2/package.dsv
[10.840s] -- Installing: /home/yutou/ros2_ws/packages/ws_livox/install/livox_ros_driver2/share/ament_index/resource_index/packages/livox_ros_driver2
[10.841s] -- Installing: /home/yutou/ros2_ws/packages/ws_livox/install/livox_ros_driver2/share/livox_ros_driver2/cmake/export_livox_interfaces2__rosidl_generator_cExport.cmake
[10.841s] -- Installing: /home/yutou/ros2_ws/packages/ws_livox/install/livox_ros_driver2/share/livox_ros_driver2/cmake/export_livox_interfaces2__rosidl_generator_cExport-noconfig.cmake
[10.841s] -- Installing: /home/yutou/ros2_ws/packages/ws_livox/install/livox_ros_driver2/share/livox_ros_driver2/cmake/export_livox_interfaces2__rosidl_typesupport_fastrtps_cExport.cmake
[10.841s] -- Installing: /home/yutou/ros2_ws/packages/ws_livox/install/livox_ros_driver2/share/livox_ros_driver2/cmake/export_livox_interfaces2__rosidl_typesupport_fastrtps_cExport-noconfig.cmake
[10.841s] -- Installing: /home/yutou/ros2_ws/packages/ws_livox/install/livox_ros_driver2/share/livox_ros_driver2/cmake/livox_interfaces2__rosidl_typesupport_introspection_cExport.cmake
[10.841s] -- Installing: /home/yutou/ros2_ws/packages/ws_livox/install/livox_ros_driver2/share/livox_ros_driver2/cmake/livox_interfaces2__rosidl_typesupport_introspection_cExport-noconfig.cmake
[10.841s] -- Installing: /home/yutou/ros2_ws/packages/ws_livox/install/livox_ros_driver2/share/livox_ros_driver2/cmake/livox_interfaces2__rosidl_typesupport_cExport.cmake
[10.841s] -- Installing: /home/yutou/ros2_ws/packages/ws_livox/install/livox_ros_driver2/share/livox_ros_driver2/cmake/livox_interfaces2__rosidl_typesupport_cExport-noconfig.cmake
[10.841s] -- Installing: /home/yutou/ros2_ws/packages/ws_livox/install/livox_ros_driver2/share/livox_ros_driver2/cmake/export_livox_interfaces2__rosidl_generator_cppExport.cmake
[10.841s] -- Installing: /home/yutou/ros2_ws/packages/ws_livox/install/livox_ros_driver2/share/livox_ros_driver2/cmake/export_livox_interfaces2__rosidl_typesupport_fastrtps_cppExport.cmake
[10.841s] -- Installing: /home/yutou/ros2_ws/packages/ws_livox/install/livox_ros_driver2/share/livox_ros_driver2/cmake/export_livox_interfaces2__rosidl_typesupport_fastrtps_cppExport-noconfig.cmake
[10.842s] -- Installing: /home/yutou/ros2_ws/packages/ws_livox/install/livox_ros_driver2/share/livox_ros_driver2/cmake/livox_interfaces2__rosidl_typesupport_introspection_cppExport.cmake
[10.842s] -- Installing: /home/yutou/ros2_ws/packages/ws_livox/install/livox_ros_driver2/share/livox_ros_driver2/cmake/livox_interfaces2__rosidl_typesupport_introspection_cppExport-noconfig.cmake
[10.842s] -- Installing: /home/yutou/ros2_ws/packages/ws_livox/install/livox_ros_driver2/share/livox_ros_driver2/cmake/livox_interfaces2__rosidl_typesupport_cppExport.cmake
[10.842s] -- Installing: /home/yutou/ros2_ws/packages/ws_livox/install/livox_ros_driver2/share/livox_ros_driver2/cmake/livox_interfaces2__rosidl_typesupport_cppExport-noconfig.cmake
[10.842s] -- Installing: /home/yutou/ros2_ws/packages/ws_livox/install/livox_ros_driver2/share/livox_ros_driver2/cmake/export_livox_interfaces2__rosidl_generator_pyExport.cmake
[10.842s] -- Installing: /home/yutou/ros2_ws/packages/ws_livox/install/livox_ros_driver2/share/livox_ros_driver2/cmake/export_livox_interfaces2__rosidl_generator_pyExport-noconfig.cmake
[10.842s] -- Installing: /home/yutou/ros2_ws/packages/ws_livox/install/livox_ros_driver2/share/ament_index/resource_index/rclcpp_components/livox_ros_driver2
[10.842s] -- Installing: /home/yutou/ros2_ws/packages/ws_livox/install/livox_ros_driver2/share/livox_ros_driver2/cmake/rosidl_cmake-extras.cmake
[10.842s] -- Installing: /home/yutou/ros2_ws/packages/ws_livox/install/livox_ros_driver2/share/livox_ros_driver2/cmake/ament_cmake_export_dependencies-extras.cmake
[10.842s] -- Installing: /home/yutou/ros2_ws/packages/ws_livox/install/livox_ros_driver2/share/livox_ros_driver2/cmake/ament_cmake_export_include_directories-extras.cmake
[10.842s] -- Installing: /home/yutou/ros2_ws/packages/ws_livox/install/livox_ros_driver2/share/livox_ros_driver2/cmake/ament_cmake_export_libraries-extras.cmake
[10.842s] -- Installing: /home/yutou/ros2_ws/packages/ws_livox/install/livox_ros_driver2/share/livox_ros_driver2/cmake/ament_cmake_export_targets-extras.cmake
[10.842s] -- Installing: /home/yutou/ros2_ws/packages/ws_livox/install/livox_ros_driver2/share/livox_ros_driver2/cmake/rosidl_cmake_export_typesupport_targets-extras.cmake
[10.843s] -- Installing: /home/yutou/ros2_ws/packages/ws_livox/install/livox_ros_driver2/share/livox_ros_driver2/cmake/rosidl_cmake_export_typesupport_libraries-extras.cmake
[10.843s] -- Installing: /home/yutou/ros2_ws/packages/ws_livox/install/livox_ros_driver2/share/livox_ros_driver2/cmake/livox_ros_driver2Config.cmake
[10.843s] -- Installing: /home/yutou/ros2_ws/packages/ws_livox/install/livox_ros_driver2/share/livox_ros_driver2/cmake/livox_ros_driver2Config-version.cmake
[10.843s] -- Installing: /home/yutou/ros2_ws/packages/ws_livox/install/livox_ros_driver2/share/livox_ros_driver2/package.xml
[10.844s] Invoked command in '/home/yutou/ros2_ws/packages/ws_livox/build/livox_ros_driver2' returned '0': CMAKE_PREFIX_PATH=${CMAKE_PREFIX_PATH}:/home/yutou/ros2_ws/install/node:/opt/ros/humble /usr/bin/cmake --install /home/yutou/ros2_ws/packages/ws_livox/build/livox_ros_driver2
